#
# A fatal error has been detected by the Java Runtime Environment:
#
#  EXCEPTION_ACCESS_VIOLATION (0xc0000005) at pc=0xffffffffa3815120, pid=11040, tid=8936
#
# JRE version: Java(TM) SE Runtime Environment (8.0_31-b13) (build 1.8.0_31-b13)
# Java VM: Java HotSpot(TM) 64-Bit Server VM (25.31-b07 mixed mode windows-amd64 compressed oops)
# Problematic frame:
# C  0xffffffffa3815120
#
# Failed to write core dump. Minidumps are not enabled by default on client versions of Windows
#
# If you would like to submit a bug report, please visit:
#   http://bugreport.java.com/bugreport/crash.jsp
#

---------------  T H R E A D  ---------------

Current thread (0x000000001a4e4800):  JavaThread "Daemon worker Thread 2" [_thread_in_Java, id=8936, stack(0x000000001e3e0000,0x000000001e4e0000)]

siginfo: ExceptionCode=0xc0000005, ExceptionInformation=0x0000000000000008 0xffffffffa3815120

Registers:
RAX=0x000000008065fe38, RBX=0x000000001ec802d0, RCX=0x000000000000029e, RDX=0x00000000ecfea100
RSP=0x000000001e4dc618, RBP=0x000000001e4dc6f0, RSI=0x00000000000054d7, RDI=0x000000000000015e
R8 =0x00000000000054d7, R9 =0x0000000000010071, R10=0x000000008065fe38, R11=0x00000000ecfea100
R12=0x0000000000000000, R13=0x000000000004db8d, R14=0x0000000000000000, R15=0x000000001a4e4800
RIP=0xffffffffa3815120, EFLAGS=0x0000000000010246

Top of Stack: (sp=0x000000001e4dc618)
0x000000001e4dc618:   00000000037f2a1c 0000000000000066
0x000000001e4dc628:   000000001ec539e8 000000001e4dc690
0x000000001e4dc638:   0000000002817a01 0000000002817a01
0x000000001e4dc648:   00000000ecfea100 00010071000054d7
0x000000001e4dc658:   00000000ecfca008 00000000ecfea100
0x000000001e4dc668:   000000000000015e 00000000ecfea118
0x000000001e4dc678:   000000001ec538c8 000000001e4dc6f0
0x000000001e4dc688:   0000000002817a01 0000000002817a01
0x000000001e4dc698:   0000000000010071 00000000ecfca008
0x000000001e4dc6a8:   00000000ecfea100 000000001e4dc6b0
0x000000001e4dc6b8:   000000001ec52fea 000000001e4dc718
0x000000001e4dc6c8:   000000001ec54b00 0000000000000000
0x000000001e4dc6d8:   000000001ec52ff8 000000001e4dc698
0x000000001e4dc6e8:   000000001e4dc708 000000001e4dc760
0x000000001e4dc6f8:   0000000002817790 00000000ecfea100
0x000000001e4dc708:   0000000000000000 0000000000010071 

Instructions: (pc=0xffffffffa3815120)
0xffffffffa3815100:   
[error occurred during error reporting (printing registers, top of stack, instructions near pc), id 0xc0000005]

Register to memory mapping:

RAX=0x000000008065fe38 is pointing into metadata
RBX=0x000000001ec802d0 is pointing into metadata
RCX=0x000000000000029e is an unknown value
RDX=0x00000000ecfea100 is an oop
com.sun.tools.javac.util.Position$LineMapImpl 
 - klass: 'com/sun/tools/javac/util/Position$LineMapImpl'
RSP=0x000000001e4dc618 is pointing into the stack for thread: 0x000000001a4e4800
RBP=0x000000001e4dc6f0 is pointing into the stack for thread: 0x000000001a4e4800
RSI=0x00000000000054d7 is an unknown value
RDI=0x000000000000015e is an unknown value
R8 =0x00000000000054d7 is an unknown value
R9 =0x0000000000010071 is an unknown value
R10=0x000000008065fe38 is pointing into metadata
R11=0x00000000ecfea100 is an oop
com.sun.tools.javac.util.Position$LineMapImpl 
 - klass: 'com/sun/tools/javac/util/Position$LineMapImpl'
R12=0x0000000000000000 is an unknown value
R13=0x000000000004db8d is an unknown value
R14=0x0000000000000000 is an unknown value
R15=0x000000001a4e4800 is a thread


Stack: [0x000000001e3e0000,0x000000001e4e0000],  sp=0x000000001e4dc618,  free space=1009k
Native frames: (J=compiled Java code, j=interpreted, Vv=VM code, C=native code)
C  0xffffffffa3815120


---------------  P R O C E S S  ---------------

Java Threads: ( => current thread )
  0x000000001a4e5800 JavaThread "Stdin handler" [_thread_blocked, id=10716, stack(0x000000001c910000,0x000000001ca10000)]
=>0x000000001a4e4800 JavaThread "Daemon worker Thread 2" [_thread_in_Java, id=8936, stack(0x000000001e3e0000,0x000000001e4e0000)]
  0x000000001a4e3000 JavaThread "Cancel handler" [_thread_blocked, id=10992, stack(0x00000000193e0000,0x00000000194e0000)]
  0x000000001a4e4000 JavaThread "Handler for socket connection from /127.0.0.1:7150 to /127.0.0.1:7174" [_thread_in_native, id=9728, stack(0x000000001b120000,0x000000001b220000)]
  0x000000001a4e2800 JavaThread "Daemon Thread 2" [_thread_blocked, id=10748, stack(0x0000000019820000,0x0000000019920000)]
  0x000000001a645800 JavaThread "File lock request listener" [_thread_in_native, id=10528, stack(0x000000001c740000,0x000000001c840000)]
  0x0000000017d80800 JavaThread "Incoming local TCP Connector on port 7150" [_thread_in_native, id=10488, stack(0x00000000190b0000,0x00000000191b0000)]
  0x0000000016460800 JavaThread "Service Thread" daemon [_thread_blocked, id=10544, stack(0x0000000016fb0000,0x00000000170b0000)]
  0x00000000163ea800 JavaThread "C1 CompilerThread2" daemon [_thread_blocked, id=11168, stack(0x0000000016df0000,0x0000000016ef0000)]
  0x00000000163e8800 JavaThread "C2 CompilerThread1" daemon [_thread_in_native, id=9152, stack(0x0000000016c90000,0x0000000016d90000)]
  0x00000000163e3800 JavaThread "C2 CompilerThread0" daemon [_thread_in_native, id=10420, stack(0x0000000016990000,0x0000000016a90000)]
  0x00000000163e0800 JavaThread "Attach Listener" daemon [_thread_blocked, id=4860, stack(0x0000000016af0000,0x0000000016bf0000)]
  0x00000000150a3800 JavaThread "Signal Dispatcher" daemon [_thread_blocked, id=9856, stack(0x0000000016830000,0x0000000016930000)]
  0x0000000015045800 JavaThread "Finalizer" daemon [_thread_blocked, id=7564, stack(0x00000000162e0000,0x00000000163e0000)]
  0x000000001503c800 JavaThread "Reference Handler" daemon [_thread_blocked, id=10976, stack(0x0000000015f90000,0x0000000016090000)]
  0x00000000020ff000 JavaThread "main" [_thread_blocked, id=9340, stack(0x0000000002440000,0x0000000002540000)]

Other Threads:
  0x0000000015039000 VMThread [stack: 0x0000000016150000,0x0000000016250000] [id=10312]
  0x0000000016461800 WatcherThread [stack: 0x0000000017280000,0x0000000017380000] [id=7300]

VM state:not at safepoint (normal execution)

VM Mutex/Monitor currently owned by a thread: None

Heap:
 PSYoungGen      total 236032K, used 56466K [0x00000000eab00000, 0x00000000fe900000, 0x0000000100000000)
  eden space 218112K, 17% used [0x00000000eab00000,0x00000000ed0ab7b0,0x00000000f8000000)
  from space 17920K, 99% used [0x00000000f9d00000,0x00000000fae79360,0x00000000fae80000)
  to   space 29696K, 0% used [0x00000000f8000000,0x00000000f8000000,0x00000000f9d00000)
 ParOldGen       total 87040K, used 47987K [0x00000000c0000000, 0x00000000c5500000, 0x00000000eab00000)
  object space 87040K, 55% used [0x00000000c0000000,0x00000000c2edcf48,0x00000000c5500000)
 Metaspace       used 56647K, capacity 58728K, committed 58880K, reserved 1099776K
  class space    used 7604K, capacity 8355K, committed 8448K, reserved 1048576K

Card table byte_map: [0x0000000011bd0000,0x0000000011de0000] byte_map_base: 0x00000000115d0000

Marking Bits: (ParMarkBitMap*) 0x000000006fefd4f0
 Begin Bits: [0x00000000124b0000, 0x00000000134b0000)
 End Bits:   [0x00000000134b0000, 0x00000000144b0000)

Polling page: 0x0000000000340000

CodeCache: size=245760Kb used=20936Kb max_used=20936Kb free=224823Kb
 bounds [0x0000000002810000, 0x0000000003ca0000, 0x0000000011810000]
 total_blobs=6812 nmethods=6120 adapters=605
 compilation: enabled

Compilation events (10 events):
Event: 127.508 Thread 0x00000000163ea800 7159       2       com.sun.tools.javac.tree.JCTree$JCMethodInvocation::<init> (30 bytes)
Event: 127.508 Thread 0x00000000163ea800 nmethod 7159 0x0000000003c93190 code [0x0000000003c932e0, 0x0000000003c93470]
Event: 127.508 Thread 0x00000000163ea800 7160       2       com.sun.tools.javac.tree.TreeMaker::Apply (24 bytes)
Event: 127.509 Thread 0x00000000163ea800 nmethod 7160 0x0000000003c93510 code [0x0000000003c93660, 0x0000000003c93870]
Event: 127.509 Thread 0x00000000163ea800 7161       2       com.sun.tools.javac.parser.JavacParser::arguments (37 bytes)
Event: 127.509 Thread 0x00000000163ea800 nmethod 7161 0x0000000003c93910 code [0x0000000003c93a80, 0x0000000003c93d58]
Event: 127.509 Thread 0x00000000163ea800 7162       2       java.lang.Class::checkPackageAccess (94 bytes)
Event: 127.510 Thread 0x00000000163ea800 nmethod 7162 0x0000000003c93f10 code [0x0000000003c94180, 0x0000000003c94928]
Event: 127.520 Thread 0x00000000163ea800 7167       1       com.sun.tools.javac.util.Position$LineMapImpl::setTabPosition (1 bytes)
Event: 127.520 Thread 0x00000000163ea800 nmethod 7167 0x0000000003c95190 code [0x0000000003c952e0, 0x0000000003c953f0]

GC Heap History (10 events):
Event: 13.456 GC heap before
{Heap before GC invocations=9 (full 2):
 PSYoungGen      total 160256K, used 12788K [0x00000000eab00000, 0x00000000fb180000, 0x0000000100000000)
  eden space 147456K, 0% used [0x00000000eab00000,0x00000000eab00000,0x00000000f3b00000)
  from space 12800K, 99% used [0x00000000f3b00000,0x00000000f477d040,0x00000000f4780000)
  to   space 17920K, 0% used [0x00000000fa000000,0x00000000fa000000,0x00000000fb180000)
 ParOldGen       total 49664K, used 13209K [0x00000000c0000000, 0x00000000c3080000, 0x00000000eab00000)
  object space 49664K, 26% used [0x00000000c0000000,0x00000000c0ce6788,0x00000000c3080000)
 Metaspace       used 34493K, capacity 35382K, committed 35456K, reserved 1079296K
  class space    used 4597K, capacity 4985K, committed 4992K, reserved 1048576K
Event: 13.726 GC heap after
Heap after GC invocations=9 (full 2):
 PSYoungGen      total 160256K, used 0K [0x00000000eab00000, 0x00000000fb180000, 0x0000000100000000)
  eden space 147456K, 0% used [0x00000000eab00000,0x00000000eab00000,0x00000000f3b00000)
  from space 12800K, 0% used [0x00000000f3b00000,0x00000000f3b00000,0x00000000f4780000)
  to   space 17920K, 0% used [0x00000000fa000000,0x00000000fa000000,0x00000000fb180000)
 ParOldGen       total 87040K, used 23862K [0x00000000c0000000, 0x00000000c5500000, 0x00000000eab00000)
  object space 87040K, 27% used [0x00000000c0000000,0x00000000c174d8a8,0x00000000c5500000)
 Metaspace       used 34493K, capacity 35382K, committed 35456K, reserved 1079296K
  class space    used 4597K, capacity 4985K, committed 4992K, reserved 1048576K
}
Event: 17.203 GC heap before
{Heap before GC invocations=10 (full 2):
 PSYoungGen      total 160256K, used 147456K [0x00000000eab00000, 0x00000000fb180000, 0x0000000100000000)
  eden space 147456K, 100% used [0x00000000eab00000,0x00000000f3b00000,0x00000000f3b00000)
  from space 12800K, 0% used [0x00000000f3b00000,0x00000000f3b00000,0x00000000f4780000)
  to   space 17920K, 0% used [0x00000000fa000000,0x00000000fa000000,0x00000000fb180000)
 ParOldGen       total 87040K, used 23862K [0x00000000c0000000, 0x00000000c5500000, 0x00000000eab00000)
  object space 87040K, 27% used [0x00000000c0000000,0x00000000c174d8a8,0x00000000c5500000)
 Metaspace       used 38943K, capacity 40080K, committed 40320K, reserved 1083392K
  class space    used 5241K, capacity 5662K, committed 5760K, reserved 1048576K
Event: 17.270 GC heap after
Heap after GC invocations=10 (full 2):
 PSYoungGen      total 229376K, used 17798K [0x00000000eab00000, 0x00000000fb180000, 0x0000000100000000)
  eden space 211456K, 0% used [0x00000000eab00000,0x00000000eab00000,0x00000000f7980000)
  from space 17920K, 99% used [0x00000000fa000000,0x00000000fb161828,0x00000000fb180000)
  to   space 20992K, 0% used [0x00000000f8880000,0x00000000f8880000,0x00000000f9d00000)
 ParOldGen       total 87040K, used 23870K [0x00000000c0000000, 0x00000000c5500000, 0x00000000eab00000)
  object space 87040K, 27% used [0x00000000c0000000,0x00000000c174f8a8,0x00000000c5500000)
 Metaspace       used 38943K, capacity 40080K, committed 40320K, reserved 1083392K
  class space    used 5241K, capacity 5662K, committed 5760K, reserved 1048576K
}
Event: 27.736 GC heap before
{Heap before GC invocations=11 (full 2):
 PSYoungGen      total 229376K, used 158274K [0x00000000eab00000, 0x00000000fb180000, 0x0000000100000000)
  eden space 211456K, 66% used [0x00000000eab00000,0x00000000f342f018,0x00000000f7980000)
  from space 17920K, 99% used [0x00000000fa000000,0x00000000fb161828,0x00000000fb180000)
  to   space 20992K, 0% used [0x00000000f8880000,0x00000000f8880000,0x00000000f9d00000)
 ParOldGen       total 87040K, used 23870K [0x00000000c0000000, 0x00000000c5500000, 0x00000000eab00000)
  object space 87040K, 27% used [0x00000000c0000000,0x00000000c174f8a8,0x00000000c5500000)
 Metaspace       used 48575K, capacity 50032K, committed 50304K, reserved 1093632K
  class space    used 6503K, capacity 7002K, committed 7040K, reserved 1048576K
Event: 27.835 GC heap after
Heap after GC invocations=11 (full 2):
 PSYoungGen      total 232448K, used 20978K [0x00000000eab00000, 0x00000000fae80000, 0x0000000100000000)
  eden space 211456K, 0% used [0x00000000eab00000,0x00000000eab00000,0x00000000f7980000)
  from space 20992K, 99% used [0x00000000f8880000,0x00000000f9cfc818,0x00000000f9d00000)
  to   space 17920K, 0% used [0x00000000f9d00000,0x00000000f9d00000,0x00000000fae80000)
 ParOldGen       total 87040K, used 30650K [0x00000000c0000000, 0x00000000c5500000, 0x00000000eab00000)
  object space 87040K, 35% used [0x00000000c0000000,0x00000000c1deea10,0x00000000c5500000)
 Metaspace       used 48575K, capacity 50032K, committed 50304K, reserved 1093632K
  class space    used 6503K, capacity 7002K, committed 7040K, reserved 1048576K
}
Event: 27.835 GC heap before
{Heap before GC invocations=12 (full 3):
 PSYoungGen      total 232448K, used 20978K [0x00000000eab00000, 0x00000000fae80000, 0x0000000100000000)
  eden space 211456K, 0% used [0x00000000eab00000,0x00000000eab00000,0x00000000f7980000)
  from space 20992K, 99% used [0x00000000f8880000,0x00000000f9cfc818,0x00000000f9d00000)
  to   space 17920K, 0% used [0x00000000f9d00000,0x00000000f9d00000,0x00000000fae80000)
 ParOldGen       total 87040K, used 30650K [0x00000000c0000000, 0x00000000c5500000, 0x00000000eab00000)
  object space 87040K, 35% used [0x00000000c0000000,0x00000000c1deea10,0x00000000c5500000)
 Metaspace       used 48575K, capacity 50032K, committed 50304K, reserved 1093632K
  class space    used 6503K, capacity 7002K, committed 7040K, reserved 1048576K
Event: 28.362 GC heap after
Heap after GC invocations=12 (full 3):
 PSYoungGen      total 232448K, used 0K [0x00000000eab00000, 0x00000000fae80000, 0x0000000100000000)
  eden space 211456K, 0% used [0x00000000eab00000,0x00000000eab00000,0x00000000f7980000)
  from space 20992K, 0% used [0x00000000f8880000,0x00000000f8880000,0x00000000f9d00000)
  to   space 17920K, 0% used [0x00000000f9d00000,0x00000000f9d00000,0x00000000fae80000)
 ParOldGen       total 87040K, used 43691K [0x00000000c0000000, 0x00000000c5500000, 0x00000000eab00000)
  object space 87040K, 50% used [0x00000000c0000000,0x00000000c2aaaf30,0x00000000c5500000)
 Metaspace       used 48541K, capacity 49918K, committed 50304K, reserved 1093632K
  class space    used 6495K, capacity 6968K, committed 7040K, reserved 1048576K
}
Event: 124.540 GC heap before
{Heap before GC invocations=13 (full 3):
 PSYoungGen      total 232448K, used 211456K [0x00000000eab00000, 0x00000000fae80000, 0x0000000100000000)
  eden space 211456K, 100% used [0x00000000eab00000,0x00000000f7980000,0x00000000f7980000)
  from space 20992K, 0% used [0x00000000f8880000,0x00000000f8880000,0x00000000f9d00000)
  to   space 17920K, 0% used [0x00000000f9d00000,0x00000000f9d00000,0x00000000fae80000)
 ParOldGen       total 87040K, used 43691K [0x00000000c0000000, 0x00000000c5500000, 0x00000000eab00000)
  object space 87040K, 50% used [0x00000000c0000000,0x00000000c2aaaf30,0x00000000c5500000)
 Metaspace       used 55815K, capacity 57784K, committed 57856K, reserved 1099776K
  class space    used 7480K, capacity 8186K, committed 8192K, reserved 1048576K
Event: 126.257 GC heap after
Heap after GC invocations=13 (full 3):
 PSYoungGen      total 236032K, used 17892K [0x00000000eab00000, 0x00000000fe900000, 0x0000000100000000)
  eden space 218112K, 0% used [0x00000000eab00000,0x00000000eab00000,0x00000000f8000000)
  from space 17920K, 99% used [0x00000000f9d00000,0x00000000fae79360,0x00000000fae80000)
  to   space 29696K, 0% used [0x00000000f8000000,0x00000000f8000000,0x00000000f9d00000)
 ParOldGen       total 87040K, used 47987K [0x00000000c0000000, 0x00000000c5500000, 0x00000000eab00000)
  object space 87040K, 55% used [0x00000000c0000000,0x00000000c2edcf48,0x00000000c5500000)
 Metaspace       used 55815K, capacity 57784K, committed 57856K, reserved 1099776K
  class space    used 7480K, capacity 8186K, committed 8192K, reserved 1048576K
}

Deoptimization events (10 events):
Event: 26.114 Thread 0x0000000017f15800 Uncommon trap: reason=class_check action=maybe_recompile pc=0x00000000032858c4 method=java.util.AbstractList$Itr.hasNext()Z @ 8
Event: 26.114 Thread 0x0000000017f15800 Uncommon trap: reason=class_check action=maybe_recompile pc=0x00000000029a9234 method=java.util.AbstractList$Itr.next()Ljava/lang/Object; @ 14
Event: 26.154 Thread 0x0000000017f15800 Uncommon trap: reason=class_check action=maybe_recompile pc=0x00000000032858c4 method=java.util.AbstractList$Itr.hasNext()Z @ 8
Event: 26.155 Thread 0x0000000017f15800 Uncommon trap: reason=class_check action=maybe_recompile pc=0x00000000029a9234 method=java.util.AbstractList$Itr.next()Ljava/lang/Object; @ 14
Event: 26.340 Thread 0x0000000017f15800 Uncommon trap: reason=range_check action=make_not_entrant pc=0x00000000039d2bc8 method=java.lang.String.charAt(I)C @ 27
Event: 122.526 Thread 0x000000001a4e4800 Uncommon trap: reason=unloaded action=reinterpret pc=0x00000000031bb8b0 method=com.sun.beans.TypeResolver.resolve(Ljava/lang/reflect/Type;Ljava/lang/reflect/Type;)Ljava/lang/reflect/Type; @ 175
Event: 122.676 Thread 0x000000001a4e4800 Uncommon trap: reason=class_check action=maybe_recompile pc=0x0000000002d9ef2c method=java.lang.Throwable.<init>(Ljava/lang/String;Ljava/lang/Throwable;)V @ 24
Event: 122.676 Thread 0x000000001a4e4800 Uncommon trap: reason=class_check action=maybe_recompile pc=0x0000000002d9ef2c method=java.lang.Throwable.<init>(Ljava/lang/String;Ljava/lang/Throwable;)V @ 24
Event: 123.256 Thread 0x000000001a4e4800 Uncommon trap: reason=class_check action=maybe_recompile pc=0x0000000002daae14 method=java.lang.Throwable.<init>(Ljava/lang/Throwable;)V @ 24
Event: 123.257 Thread 0x000000001a4e4800 Uncommon trap: reason=class_check action=maybe_recompile pc=0x0000000002daae14 method=java.lang.Throwable.<init>(Ljava/lang/Throwable;)V @ 24

Internal exceptions (10 events):
Event: 127.128 Thread 0x000000001a4e4800 Exception <a 'java/security/PrivilegedActionException'> (0x00000000ec8be760) thrown at [C:\workspace\8-2-build-windows-amd64-cygwin\jdk8u31\2394\hotspot\src\share\vm\prims\jvm.cpp, line 1312]
Event: 127.128 Thread 0x000000001a4e4800 Exception <a 'java/security/PrivilegedActionException'> (0x00000000ec8bf960) thrown at [C:\workspace\8-2-build-windows-amd64-cygwin\jdk8u31\2394\hotspot\src\share\vm\prims\jvm.cpp, line 1312]
Event: 127.128 Thread 0x000000001a4e4800 Exception <a 'java/security/PrivilegedActionException'> (0x00000000ec8c0a28) thrown at [C:\workspace\8-2-build-windows-amd64-cygwin\jdk8u31\2394\hotspot\src\share\vm\prims\jvm.cpp, line 1312]
Event: 127.128 Thread 0x000000001a4e4800 Exception <a 'java/security/PrivilegedActionException'> (0x00000000ec8c5da8) thrown at [C:\workspace\8-2-build-windows-amd64-cygwin\jdk8u31\2394\hotspot\src\share\vm\prims\jvm.cpp, line 1312]
Event: 127.128 Thread 0x000000001a4e4800 Exception <a 'java/lang/ClassNotFoundException': com/google/common/collect/IterablesBeanInfo> (0x00000000ec8c6490) thrown at [C:\workspace\8-2-build-windows-amd64-cygwin\jdk8u31\2394\hotspot\src\share\vm\classfile\systemDictionary.cpp, line 202]
Event: 127.128 Thread 0x000000001a4e4800 Exception <a 'java/security/PrivilegedActionException'> (0x00000000ec8cafa8) thrown at [C:\workspace\8-2-build-windows-amd64-cygwin\jdk8u31\2394\hotspot\src\share\vm\prims\jvm.cpp, line 1312]
Event: 127.128 Thread 0x000000001a4e4800 Exception <a 'java/security/PrivilegedActionException'> (0x00000000ec8cc1e0) thrown at [C:\workspace\8-2-build-windows-amd64-cygwin\jdk8u31\2394\hotspot\src\share\vm\prims\jvm.cpp, line 1312]
Event: 127.128 Thread 0x000000001a4e4800 Exception <a 'java/security/PrivilegedActionException'> (0x00000000ec8cd2c0) thrown at [C:\workspace\8-2-build-windows-amd64-cygwin\jdk8u31\2394\hotspot\src\share\vm\prims\jvm.cpp, line 1312]
Event: 127.128 Thread 0x000000001a4e4800 Exception <a 'java/security/PrivilegedActionException'> (0x00000000ec8d27d0) thrown at [C:\workspace\8-2-build-windows-amd64-cygwin\jdk8u31\2394\hotspot\src\share\vm\prims\jvm.cpp, line 1312]
Event: 127.128 Thread 0x000000001a4e4800 Exception <a 'java/lang/ClassNotFoundException': com/google/common/collect/IterablesCustomizer> (0x00000000ec8d2ec0) thrown at [C:\workspace\8-2-build-windows-amd64-cygwin\jdk8u31\2394\hotspot\src\share\vm\classfile\systemDictionary.cpp, line 202]

Events (10 events):
Event: 127.128 loading class com/google/common/collect/IterablesBeanInfo
Event: 127.128 loading class com/google/common/collect/IterablesBeanInfo done
Event: 127.128 loading class com/google/common/collect/IterablesCustomizer
Event: 127.128 loading class com/google/common/collect/IterablesCustomizer done
Event: 127.128 loading class com/google/common/collect/IterablesCustomizer
Event: 127.128 loading class com/google/common/collect/IterablesCustomizer done
Event: 127.464 Executing VM operation: RevokeBias
Event: 127.464 Executing VM operation: RevokeBias done
Event: 127.465 Executing VM operation: RevokeBias
Event: 127.465 Executing VM operation: RevokeBias done


Dynamic libraries:
0x000000013fb90000 - 0x000000013fbc4000 	C:\Program Files\Java\jdk1.8.0_31\bin\java.exe
0x0000000077bb0000 - 0x0000000077d59000 	C:\Windows\SYSTEM32\ntdll.dll
0x0000000077a90000 - 0x0000000077baf000 	C:\Windows\system32\kernel32.dll
0x000007fefdcb0000 - 0x000007fefdd1c000 	C:\Windows\system32\KERNELBASE.dll
0x000007feffbc0000 - 0x000007feffc9b000 	C:\Windows\system32\ADVAPI32.dll
0x000007feff6b0000 - 0x000007feff74f000 	C:\Windows\system32\msvcrt.dll
0x000007feff2d0000 - 0x000007feff2ef000 	C:\Windows\SYSTEM32\sechost.dll
0x000007feffa10000 - 0x000007feffb3d000 	C:\Windows\system32\RPCRT4.dll
0x0000000077990000 - 0x0000000077a8a000 	C:\Windows\system32\USER32.dll
0x000007fefedc0000 - 0x000007fefee27000 	C:\Windows\system32\GDI32.dll
0x000007feffa00000 - 0x000007feffa0e000 	C:\Windows\system32\LPK.dll
0x000007feff2f0000 - 0x000007feff3b9000 	C:\Windows\system32\USP10.dll
0x000007fefbe30000 - 0x000007fefc024000 	C:\Windows\WinSxS\amd64_microsoft.windows.common-controls_6595b64144ccf1df_6.0.7601.17514_none_fa396087175ac9ac\COMCTL32.dll
0x000007feffb40000 - 0x000007feffbb1000 	C:\Windows\system32\SHLWAPI.dll
0x000007fefe000000 - 0x000007fefe02e000 	C:\Windows\system32\IMM32.DLL
0x000007feffca0000 - 0x000007feffda9000 	C:\Windows\system32\MSCTF.dll
0x00000000530b0000 - 0x0000000053182000 	C:\Program Files\Java\jdk1.8.0_31\jre\bin\msvcr100.dll
0x000000006f720000 - 0x000000006ff7a000 	C:\Program Files\Java\jdk1.8.0_31\jre\bin\server\jvm.dll
0x000007fefa300000 - 0x000007fefa309000 	C:\Windows\system32\WSOCK32.dll
0x000007feff7d0000 - 0x000007feff81d000 	C:\Windows\system32\WS2_32.dll
0x000007feffeb0000 - 0x000007feffeb8000 	C:\Windows\system32\NSI.dll
0x000007fef99e0000 - 0x000007fef9a1b000 	C:\Windows\system32\WINMM.dll
0x0000000077d70000 - 0x0000000077d77000 	C:\Windows\system32\PSAPI.DLL
0x0000000074230000 - 0x000000007423f000 	C:\Program Files\Java\jdk1.8.0_31\jre\bin\verify.dll
0x000000006ae00000 - 0x000000006ae28000 	C:\Program Files\Java\jdk1.8.0_31\jre\bin\java.dll
0x000000005c6a0000 - 0x000000005c6b6000 	C:\Program Files\Java\jdk1.8.0_31\jre\bin\zip.dll
0x000007fefe030000 - 0x000007fefedb8000 	C:\Windows\system32\SHELL32.dll
0x000007feff060000 - 0x000007feff263000 	C:\Windows\system32\ole32.dll
0x000007fefd970000 - 0x000007fefd97f000 	C:\Windows\system32\profapi.dll
0x000007fefd170000 - 0x000007fefd187000 	C:\Windows\system32\CRYPTSP.dll
0x000007fefce70000 - 0x000007fefceb7000 	C:\Windows\system32\rsaenh.dll
0x000007fefdb00000 - 0x000007fefdb1e000 	C:\Windows\system32\USERENV.dll
0x000007fefd7d0000 - 0x000007fefd7df000 	C:\Windows\system32\CRYPTBASE.dll
0x000000005c6c0000 - 0x000000005c6da000 	C:\Program Files\Java\jdk1.8.0_31\jre\bin\net.dll
0x000007fefd110000 - 0x000007fefd165000 	C:\Windows\system32\mswsock.dll
0x000007fefd100000 - 0x000007fefd107000 	C:\Windows\System32\wship6.dll
0x000007fefae10000 - 0x000007fefae37000 	C:\Windows\system32\IPHLPAPI.DLL
0x000007fefae00000 - 0x000007fefae0b000 	C:\Windows\system32\WINNSI.DLL
0x000007fefb2d0000 - 0x000007fefb2e1000 	C:\Windows\system32\dhcpcsvc6.DLL
0x000007fefb2b0000 - 0x000007fefb2c8000 	C:\Windows\system32\dhcpcsvc.DLL
0x000000005bf00000 - 0x000000005bf11000 	C:\Program Files\Java\jdk1.8.0_31\jre\bin\nio.dll
0x000007fef1720000 - 0x000007fef1732000 	C:\Users\Dr4ckO\AppData\Local\Temp\native-platform3195986475800969390dir\native-platform.dll
0x000007fefd770000 - 0x000007fefd7c7000 	C:\Windows\system32\apphelp.dll
0x000007fefc710000 - 0x000007fefc835000 	C:\Windows\system32\dbghelp.dll

VM Arguments:
jvm_args: -XX:MaxPermSize=256m -XX:+HeapDumpOnOutOfMemoryError -Xmx1024m -Dfile.encoding=windows-1252 -Duser.country=ES -Duser.language=es -Duser.variant 
java_command: org.gradle.launcher.daemon.bootstrap.GradleDaemon 2.2.1 C:\Users\Dr4ckO\.gradle\daemon 10800000 1c2af058-979f-4e98-a7b3-feef5ca691bd -XX:MaxPermSize=256m -XX:+HeapDumpOnOutOfMemoryError -Xmx1024m -Dfile.encoding=windows-1252 -Duser.country=ES -Duser.language=es -Duser.variant
java_class_path (initial): C:\Program Files\Android\Android Studio\gradle\gradle-2.2.1\lib\gradle-launcher-2.2.1.jar
Launcher Type: SUN_STANDARD

Environment Variables:
JAVA_HOME=C:\Program Files\Java\jdk1.8.0_31
PATH=C:\ProgramData\Oracle\Java\javapath;C:\Program Files (x86)\NVIDIA Corporation\PhysX\Common;C:\Program Files\Common Files\Microsoft Shared\Windows Live;C:\Program Files (x86)\Common Files\Microsoft Shared\Windows Live;C:\Program Files (x86)\Common Files\Intel\Shared Files\cpp\bin\Intel64;C:\Windows\system32;C:\Windows;C:\Windows\System32\Wbem;C:\Windows\System32\WindowsPowerShell\v1.0\;C:\Program Files (x86)\IsoBuster;C:\Program Files (x86)\Windows Live\Shared;C:\Program Files (x86)\MKV ToolNix;C:\Android\android-sdk\platform-tools;C:\Program Files\NodeJS\;C:\Program Files (x86)\QuickTime\QTSystem\;C:\Users\Dr4ckO\AppData\Roaming\npm
USERNAME=Dr4ckO
OS=Windows_NT
PROCESSOR_IDENTIFIER=Intel64 Family 6 Model 15 Stepping 11, GenuineIntel



---------------  S Y S T E M  ---------------

OS: Windows 7 , 64 bit Build 7601 Service Pack 1

CPU:total 4 (4 cores per cpu, 1 threads per core) family 6 model 15 stepping 11, cmov, cx8, fxsr, mmx, sse, sse2, sse3, ssse3, tsc

Memory: 4k page, physical 6291000k(1413704k free), swap 12580136k(6191288k free)

vm_info: Java HotSpot(TM) 64-Bit Server VM (25.31-b07) for windows-amd64 JRE (1.8.0_31-b13), built on Dec 17 2014 21:00:28 by "java_re" with MS VC++ 10.0 (VS2010)

time: Wed Mar 25 13:31:45 2015
elapsed time: 127 seconds (0d 0h 2m 7s)

