#
# A fatal error has been detected by the Java Runtime Environment:
#
#  EXCEPTION_ACCESS_VIOLATION (0xc0000005) at pc=0xffffffffa37c5120, pid=13068, tid=12516
#
# JRE version: Java(TM) SE Runtime Environment (8.0_31-b13) (build 1.8.0_31-b13)
# Java VM: Java HotSpot(TM) 64-Bit Server VM (25.31-b07 mixed mode windows-amd64 compressed oops)
# Problematic frame:
# C  0xffffffffa37c5120
#
# Failed to write core dump. Minidumps are not enabled by default on client versions of Windows
#
# If you would like to submit a bug report, please visit:
#   http://bugreport.java.com/bugreport/crash.jsp
#

---------------  T H R E A D  ---------------

Current thread (0x000000000214e000):  JavaThread "main" [_thread_in_Java, id=12516, stack(0x00000000023f0000,0x00000000024f0000)]

siginfo: ExceptionCode=0xc0000005, ExceptionInformation=0x0000000000000008 0xffffffffa37c5120

Registers:
RAX=0x000000001463a4e8, RBX=0x0000000054be2028, RCX=0x00000000ebfa6388, RDX=0x00000000ebfa63a8
RSP=0x00000000024eedd8, RBP=0x00000000024eee78, RSI=0x00000000ebfa63a8, RDI=0x000000001463efb8
R8 =0x0000000000000000, R9 =0x0000000000000000, R10=0x000000001463efb8, R11=0x0000000000000200
R12=0x0000000000000000, R13=0x00000000024eee30, R14=0x00000000024eeea8, R15=0x000000000214e000
RIP=0xffffffffa37c5120, EFLAGS=0x0000000000010246

Top of Stack: (sp=0x00000000024eedd8)
0x00000000024eedd8:   0000000002b61804 000000000000007f
0x00000000024eede8:   0000000000000001 0000000054be2cf8
0x00000000024eedf8:   0000000054bddc48 00000000ebfa6388
0x00000000024eee08:   00000000027c7a01 00000000024eee78
0x00000000024eee18:   00000000027c7450 00000000ebfa6388
0x00000000024eee28:   00000000027c7450 00000000ebfa6388
0x00000000024eee38:   00000000024eee38 0000000054be0fc1
0x00000000024eee48:   00000000024eeea8 0000000054be1720
0x00000000024eee58:   0000000054be3a00 0000000054be1218
0x00000000024eee68:   00000000024eee30 00000000024eeea0
0x00000000024eee78:   00000000024eeef0 00000000027c7a01
0x00000000024eee88:   0000000000000000 0000000000000000
0x00000000024eee98:   0000000000000000 00000000ebfa6388
0x00000000024eeea8:   00000000ebfa6370 00000000024eeeb0
0x00000000024eeeb8:   0000000054be1426 00000000024eef18
0x00000000024eeec8:   0000000054be1720 0000000000000000 

Instructions: (pc=0xffffffffa37c5120)
0xffffffffa37c5100:   
[error occurred during error reporting (printing registers, top of stack, instructions near pc), id 0xc0000005]

Register to memory mapping:

RAX=0x000000001463a4e8 is pointing into metadata
RBX={method} {0x0000000054be2030} 'readByte' '()B' in 'com/android/dex/util/ByteArrayByteInput'
RCX=0x00000000ebfa6388 is an oop
com.android.dex.EncodedValueReader 
 - klass: 'com/android/dex/EncodedValueReader'
RDX=0x00000000ebfa63a8 is an oop
com.android.dex.util.ByteArrayByteInput 
 - klass: 'com/android/dex/util/ByteArrayByteInput'
RSP=0x00000000024eedd8 is pointing into the stack for thread: 0x000000000214e000
RBP=0x00000000024eee78 is pointing into the stack for thread: 0x000000000214e000
RSI=0x00000000ebfa63a8 is an oop
com.android.dex.util.ByteArrayByteInput 
 - klass: 'com/android/dex/util/ByteArrayByteInput'
RDI=0x000000001463efb8 is pointing into metadata
R8 =0x0000000000000000 is an unknown value
R9 =0x0000000000000000 is an unknown value
R10=0x000000001463efb8 is pointing into metadata
R11=0x0000000000000200 is an unknown value
R12=0x0000000000000000 is an unknown value
R13=0x00000000024eee30 is pointing into the stack for thread: 0x000000000214e000
R14=0x00000000024eeea8 is pointing into the stack for thread: 0x000000000214e000
R15=0x000000000214e000 is a thread


Stack: [0x00000000023f0000,0x00000000024f0000],  sp=0x00000000024eedd8,  free space=1019k
Native frames: (J=compiled Java code, j=interpreted, Vv=VM code, C=native code)
C  0xffffffffa37c5120


---------------  P R O C E S S  ---------------

Java Threads: ( => current thread )
  0x0000000056c4d000 JavaThread "Service Thread" daemon [_thread_blocked, id=11324, stack(0x00000000570c0000,0x00000000571c0000)]
  0x0000000054f9f000 JavaThread "C1 CompilerThread2" daemon [_thread_blocked, id=12456, stack(0x0000000056300000,0x0000000056400000)]
  0x0000000054f9c800 JavaThread "C2 CompilerThread1" daemon [_thread_blocked, id=12948, stack(0x0000000056ad0000,0x0000000056bd0000)]
  0x0000000054f95800 JavaThread "C2 CompilerThread0" daemon [_thread_blocked, id=12064, stack(0x00000000568e0000,0x00000000569e0000)]
  0x0000000054f92000 JavaThread "Attach Listener" daemon [_thread_blocked, id=13048, stack(0x0000000056720000,0x0000000056820000)]
  0x0000000054f90800 JavaThread "Signal Dispatcher" daemon [_thread_blocked, id=13176, stack(0x0000000056570000,0x0000000056670000)]
  0x0000000054f34800 JavaThread "Finalizer" daemon [_thread_blocked, id=13164, stack(0x0000000056450000,0x0000000056550000)]
  0x0000000054f2b800 JavaThread "Reference Handler" daemon [_thread_blocked, id=13112, stack(0x00000000561a0000,0x00000000562a0000)]
=>0x000000000214e000 JavaThread "main" [_thread_in_Java, id=12516, stack(0x00000000023f0000,0x00000000024f0000)]

Other Threads:
  0x0000000054f28000 VMThread [stack: 0x0000000055fb0000,0x00000000560b0000] [id=13140]
  0x0000000056c52000 WatcherThread [stack: 0x0000000055e90000,0x0000000055f90000] [id=9436]

VM state:not at safepoint (normal execution)

VM Mutex/Monitor currently owned by a thread: None

Heap:
 PSYoungGen      total 28672K, used 21285K [0x00000000eab00000, 0x00000000ecb00000, 0x0000000100000000)
  eden space 24576K, 86% used [0x00000000eab00000,0x00000000ebfc94a0,0x00000000ec300000)
  from space 4096K, 0% used [0x00000000ec700000,0x00000000ec700000,0x00000000ecb00000)
  to   space 4096K, 0% used [0x00000000ec300000,0x00000000ec300000,0x00000000ec700000)
 ParOldGen       total 65536K, used 0K [0x00000000c0000000, 0x00000000c4000000, 0x00000000eab00000)
  object space 65536K, 0% used [0x00000000c0000000,0x00000000c0000000,0x00000000c4000000)
 Metaspace       used 6095K, capacity 7120K, committed 7424K, reserved 1056768K
  class space    used 626K, capacity 648K, committed 768K, reserved 1048576K

Card table byte_map: [0x0000000011b80000,0x0000000011d90000] byte_map_base: 0x0000000011580000

Marking Bits: (ParMarkBitMap*) 0x0000000070a6d4f0
 Begin Bits: [0x00000000123a0000, 0x00000000133a0000)
 End Bits:   [0x00000000133a0000, 0x00000000143a0000)

Polling page: 0x0000000000230000

CodeCache: size=245760Kb used=3763Kb max_used=3763Kb free=241996Kb
 bounds [0x00000000027c0000, 0x0000000002b80000, 0x00000000117c0000]
 total_blobs=1364 nmethods=1096 adapters=183
 compilation: enabled

Compilation events (10 events):
Event: 0.953 Thread 0x0000000054f9f000 nmethod 1086 0x0000000002b61550 code [0x0000000002b616c0, 0x0000000002b61948]
Event: 0.953 Thread 0x0000000054f9f000 1087       3       com.android.dex.util.ByteArrayByteInput::readByte (17 bytes)
Event: 0.953 Thread 0x0000000054f9f000 nmethod 1087 0x0000000002b61190 code [0x0000000002b612e0, 0x0000000002b61470]
Event: 0.954 Thread 0x0000000054f9f000 1088       3       com.android.dex.EncodedValueReader::checkType (43 bytes)
Event: 0.954 Thread 0x0000000054f9f000 nmethod 1088 0x0000000002b63a50 code [0x0000000002b63ca0, 0x0000000002b64a78]
Event: 0.954 Thread 0x0000000054f9f000 1091       3       java.util.HashMap::resize (359 bytes)
Event: 0.955 Thread 0x0000000054f95800 1094       4       com.android.dex.util.ByteArrayByteInput::readByte (17 bytes)
Event: 0.956 Thread 0x0000000054f9f000 nmethod 1091 0x0000000002b65250 code [0x0000000002b654a0, 0x0000000002b66668]
Event: 0.956 Thread 0x0000000054f9f000 1093       3       com.android.dex.EncodedValueCodec::readSignedInt (44 bytes)
Event: 0.956 Thread 0x0000000054f95800 nmethod 1094 0x0000000002b60f10 code [0x0000000002b61040, 0x0000000002b610d8]

GC Heap History (0 events):
No events

Deoptimization events (9 events):
Event: 0.789 Thread 0x000000000214e000 Uncommon trap: reason=bimorphic action=maybe_recompile pc=0x0000000002a1e45c method=java.util.HashMap.getNode(ILjava/lang/Object;)Ljava/util/HashMap$Node; @ 126
Event: 0.789 Thread 0x000000000214e000 Uncommon trap: reason=bimorphic action=maybe_recompile pc=0x0000000002a1e45c method=java.util.HashMap.getNode(ILjava/lang/Object;)Ljava/util/HashMap$Node; @ 126
Event: 0.789 Thread 0x000000000214e000 Uncommon trap: reason=bimorphic action=maybe_recompile pc=0x0000000002a1e45c method=java.util.HashMap.getNode(ILjava/lang/Object;)Ljava/util/HashMap$Node; @ 126
Event: 0.789 Thread 0x000000000214e000 Uncommon trap: reason=bimorphic action=maybe_recompile pc=0x0000000002a1e45c method=java.util.HashMap.getNode(ILjava/lang/Object;)Ljava/util/HashMap$Node; @ 126
Event: 0.797 Thread 0x000000000214e000 Uncommon trap: reason=bimorphic action=maybe_recompile pc=0x00000000029a93c8 method=java.util.HashMap.getNode(ILjava/lang/Object;)Ljava/util/HashMap$Node; @ 126
Event: 0.919 Thread 0x000000000214e000 Uncommon trap: reason=class_check action=maybe_recompile pc=0x0000000002b0ff60 method=com.android.dex.Leb128.writeUnsignedLeb128(Lcom/android/dex/util/ByteOutput;I)V @ 40
Event: 0.919 Thread 0x000000000214e000 Uncommon trap: reason=class_check action=maybe_recompile pc=0x0000000002b0ff60 method=com.android.dex.Leb128.writeUnsignedLeb128(Lcom/android/dex/util/ByteOutput;I)V @ 40
Event: 0.919 Thread 0x000000000214e000 Uncommon trap: reason=class_check action=maybe_recompile pc=0x0000000002b0ff60 method=com.android.dex.Leb128.writeUnsignedLeb128(Lcom/android/dex/util/ByteOutput;I)V @ 40
Event: 0.919 Thread 0x000000000214e000 Uncommon trap: reason=class_check action=maybe_recompile pc=0x0000000002b0ff60 method=com.android.dex.Leb128.writeUnsignedLeb128(Lcom/android/dex/util/ByteOutput;I)V @ 40

Internal exceptions (10 events):
Event: 0.937 Thread 0x000000000214e000 Exception <a 'java/security/PrivilegedActionException'> (0x00000000ebf56140) thrown at [C:\workspace\8-2-build-windows-amd64-cygwin\jdk8u31\2394\hotspot\src\share\vm\prims\jvm.cpp, line 1312]
Event: 0.938 Thread 0x000000000214e000 Exception <a 'java/security/PrivilegedActionException'> (0x00000000ebf59810) thrown at [C:\workspace\8-2-build-windows-amd64-cygwin\jdk8u31\2394\hotspot\src\share\vm\prims\jvm.cpp, line 1312]
Event: 0.947 Thread 0x000000000214e000 Exception <a 'java/security/PrivilegedActionException'> (0x00000000ebf7a960) thrown at [C:\workspace\8-2-build-windows-amd64-cygwin\jdk8u31\2394\hotspot\src\share\vm\prims\jvm.cpp, line 1312]
Event: 0.948 Thread 0x000000000214e000 Exception <a 'java/security/PrivilegedActionException'> (0x00000000ebf7e050) thrown at [C:\workspace\8-2-build-windows-amd64-cygwin\jdk8u31\2394\hotspot\src\share\vm\prims\jvm.cpp, line 1312]
Event: 0.949 Thread 0x000000000214e000 Exception <a 'java/security/PrivilegedActionException'> (0x00000000ebf828c0) thrown at [C:\workspace\8-2-build-windows-amd64-cygwin\jdk8u31\2394\hotspot\src\share\vm\prims\jvm.cpp, line 1312]
Event: 0.950 Thread 0x000000000214e000 Exception <a 'java/security/PrivilegedActionException'> (0x00000000ebf85d90) thrown at [C:\workspace\8-2-build-windows-amd64-cygwin\jdk8u31\2394\hotspot\src\share\vm\prims\jvm.cpp, line 1312]
Event: 0.951 Thread 0x000000000214e000 Exception <a 'java/security/PrivilegedActionException'> (0x00000000ebf8b758) thrown at [C:\workspace\8-2-build-windows-amd64-cygwin\jdk8u31\2394\hotspot\src\share\vm\prims\jvm.cpp, line 1312]
Event: 0.951 Thread 0x000000000214e000 Exception <a 'java/security/PrivilegedActionException'> (0x00000000ebf8e8b8) thrown at [C:\workspace\8-2-build-windows-amd64-cygwin\jdk8u31\2394\hotspot\src\share\vm\prims\jvm.cpp, line 1312]
Event: 0.952 Thread 0x000000000214e000 Exception <a 'java/security/PrivilegedActionException'> (0x00000000ebf91838) thrown at [C:\workspace\8-2-build-windows-amd64-cygwin\jdk8u31\2394\hotspot\src\share\vm\prims\jvm.cpp, line 1312]
Event: 0.952 Thread 0x000000000214e000 Exception <a 'java/security/PrivilegedActionException'> (0x00000000ebf965c0) thrown at [C:\workspace\8-2-build-windows-amd64-cygwin\jdk8u31\2394\hotspot\src\share\vm\prims\jvm.cpp, line 1312]

Events (10 events):
Event: 0.951 loading class com/android/dex/Annotation
Event: 0.951 loading class com/android/dex/Annotation done
Event: 0.951 loading class com/android/dex/EncodedValue
Event: 0.951 loading class com/android/dex/EncodedValue done
Event: 0.952 loading class com/android/dx/merge/IndexMap$EncodedValueTransformer
Event: 0.952 loading class com/android/dx/merge/IndexMap$EncodedValueTransformer done
Event: 0.952 loading class com/android/dex/util/ByteArrayByteInput
Event: 0.952 loading class com/android/dex/util/ByteArrayByteInput done
Event: 0.952 Executing VM operation: Deoptimize
Event: 0.953 Executing VM operation: Deoptimize done


Dynamic libraries:
0x000000013fa50000 - 0x000000013fa84000 	C:\Program Files\Java\jdk1.8.0_31\bin\java.exe
0x0000000077130000 - 0x00000000772d9000 	C:\Windows\SYSTEM32\ntdll.dll
0x0000000076f10000 - 0x000000007702f000 	C:\Windows\system32\kernel32.dll
0x000007fefd070000 - 0x000007fefd0dc000 	C:\Windows\system32\KERNELBASE.dll
0x000007fefd4c0000 - 0x000007fefd59b000 	C:\Windows\system32\ADVAPI32.dll
0x000007fefdfe0000 - 0x000007fefe07f000 	C:\Windows\system32\msvcrt.dll
0x000007fefd790000 - 0x000007fefd7af000 	C:\Windows\SYSTEM32\sechost.dll
0x000007fefd660000 - 0x000007fefd78d000 	C:\Windows\system32\RPCRT4.dll
0x0000000077030000 - 0x000000007712a000 	C:\Windows\system32\USER32.dll
0x000007fefe0e0000 - 0x000007fefe147000 	C:\Windows\system32\GDI32.dll
0x000007fefe080000 - 0x000007fefe08e000 	C:\Windows\system32\LPK.dll
0x000007fefd310000 - 0x000007fefd3d9000 	C:\Windows\system32\USP10.dll
0x000007fefb3e0000 - 0x000007fefb5d4000 	C:\Windows\WinSxS\amd64_microsoft.windows.common-controls_6595b64144ccf1df_6.0.7601.17514_none_fa396087175ac9ac\COMCTL32.dll
0x000007fefd7b0000 - 0x000007fefd821000 	C:\Windows\system32\SHLWAPI.dll
0x000007fefda90000 - 0x000007fefdabe000 	C:\Windows\system32\IMM32.DLL
0x000007fefe370000 - 0x000007fefe479000 	C:\Windows\system32\MSCTF.dll
0x0000000079030000 - 0x0000000079102000 	C:\Program Files\Java\jdk1.8.0_31\jre\bin\msvcr100.dll
0x0000000070290000 - 0x0000000070aea000 	C:\Program Files\Java\jdk1.8.0_31\jre\bin\server\jvm.dll
0x000007fefba80000 - 0x000007fefba89000 	C:\Windows\system32\WSOCK32.dll
0x000007fefe090000 - 0x000007fefe0dd000 	C:\Windows\system32\WS2_32.dll
0x000007fefe360000 - 0x000007fefe368000 	C:\Windows\system32\NSI.dll
0x000007fef8d00000 - 0x000007fef8d3b000 	C:\Windows\system32\WINMM.dll
0x00000000772f0000 - 0x00000000772f7000 	C:\Windows\system32\PSAPI.DLL
0x0000000067a80000 - 0x0000000067a8f000 	C:\Program Files\Java\jdk1.8.0_31\jre\bin\verify.dll
0x0000000077510000 - 0x0000000077538000 	C:\Program Files\Java\jdk1.8.0_31\jre\bin\java.dll
0x000000005a950000 - 0x000000005a966000 	C:\Program Files\Java\jdk1.8.0_31\jre\bin\zip.dll
0x000007fefe480000 - 0x000007feff208000 	C:\Windows\system32\SHELL32.dll
0x000007fefe150000 - 0x000007fefe353000 	C:\Windows\system32\ole32.dll
0x000007fefcf00000 - 0x000007fefcf0f000 	C:\Windows\system32\profapi.dll
0x000007fefbc90000 - 0x000007fefbdb5000 	C:\Windows\system32\dbghelp.dll

VM Arguments:
jvm_args: -Xmx1024M -Dfile.encoding=windows-1252 -Duser.country=ES -Duser.language=es -Duser.variant 
java_command: com.android.dx.command.Main --dex --output D:\2code2\AndroidStudioProjects\MyContacts\app\build\intermediates\dex\debug D:\2code2\AndroidStudioProjects\MyContacts\app\build\intermediates\classes\debug D:\2code2\AndroidStudioProjects\MyContacts\app\build\intermediates\pre-dexed\debug\support-annotations-21.0.3-ffaa133fa17b1f9d40a15f14ad0bbdbda99a80c3.jar D:\2code2\AndroidStudioProjects\MyContacts\app\build\intermediates\pre-dexed\debug\internal_impl-21.0.3-19b72370cb0e925447d1c02060ee5fa5e12abdbb.jar D:\2code2\AndroidStudioProjects\MyContacts\app\build\intermediates\pre-dexed\debug\classes-ba747cc321b63eed2eac19fbef8280d58490e55e.jar D:\2code2\AndroidStudioProjects\MyContacts\app\build\intermediates\pre-dexed\debug\classes-549c539d936b47297eaecb42dad0451330961692.jar
java_class_path (initial): C:\Users\Dr4ckO\AppData\Local\Android\sdk\build-tools\21.1.2\lib\dx.jar
Launcher Type: SUN_STANDARD

Environment Variables:
JAVA_HOME=C:\Program Files\Java\jdk1.8.0_31
PATH=C:\ProgramData\Oracle\Java\javapath;C:\Program Files (x86)\NVIDIA Corporation\PhysX\Common;C:\Program Files\Common Files\Microsoft Shared\Windows Live;C:\Program Files (x86)\Common Files\Microsoft Shared\Windows Live;C:\Program Files (x86)\Common Files\Intel\Shared Files\cpp\bin\Intel64;C:\Windows\system32;C:\Windows;C:\Windows\System32\Wbem;C:\Windows\System32\WindowsPowerShell\v1.0\;C:\Program Files (x86)\IsoBuster;C:\Program Files (x86)\Windows Live\Shared;C:\Program Files (x86)\MKV ToolNix;C:\Android\android-sdk\platform-tools;C:\Program Files\NodeJS\;C:\Program Files (x86)\QuickTime\QTSystem\;C:\Users\Dr4ckO\AppData\Roaming\npm
USERNAME=Dr4ckO
OS=Windows_NT
PROCESSOR_IDENTIFIER=Intel64 Family 6 Model 15 Stepping 11, GenuineIntel



---------------  S Y S T E M  ---------------

OS: Windows 7 , 64 bit Build 7601 Service Pack 1

CPU:total 4 (4 cores per cpu, 1 threads per core) family 6 model 15 stepping 11, cmov, cx8, fxsr, mmx, sse, sse2, sse3, ssse3, tsc

Memory: 4k page, physical 6291000k(473564k free), swap 12580136k(4906392k free)

vm_info: Java HotSpot(TM) 64-Bit Server VM (25.31-b07) for windows-amd64 JRE (1.8.0_31-b13), built on Dec 17 2014 21:00:28 by "java_re" with MS VC++ 10.0 (VS2010)

time: Fri Mar 13 18:54:15 2015
elapsed time: 1 seconds (0d 0h 0m 1s)

