#
# A fatal error has been detected by the Java Runtime Environment:
#
#  EXCEPTION_ACCESS_VIOLATION (0xc0000005) at pc=0xffffffffa38d5120, pid=8340, tid=14368
#
# JRE version: Java(TM) SE Runtime Environment (8.0_31-b13) (build 1.8.0_31-b13)
# Java VM: Java HotSpot(TM) 64-Bit Server VM (25.31-b07 mixed mode windows-amd64 compressed oops)
# Problematic frame:
# C  0xffffffffa38d5120
#
# Failed to write core dump. Minidumps are not enabled by default on client versions of Windows
#
# If you would like to submit a bug report, please visit:
#   http://bugreport.java.com/bugreport/crash.jsp
#

---------------  T H R E A D  ---------------

Current thread (0x000000000221e000):  JavaThread "main" [_thread_in_Java, id=14368, stack(0x0000000002500000,0x0000000002600000)]

siginfo: ExceptionCode=0xc0000005, ExceptionInformation=0x0000000000000008 0xffffffffa38d5120

Registers:
RAX=0x0000000054c7d8e8, RBX=0x0000000054c7d8e8, RCX=0x0000000054c815f0, RDX=0x00000000ec579a88
RSP=0x00000000025fea08, RBP=0x00000000025fea70, RSI=0x0000000000000128, RDI=0x0000000000000107
R8 =0x0000000000000008, R9 =0x00000000eabce8a0, R10=0x0000000070a562c0, R11=0x0000000002d13620
R12=0x0000000000000000, R13=0x00000000025fea20, R14=0x00000000025feaa8, R15=0x000000000221e000
RIP=0xffffffffa38d5120, EFLAGS=0x0000000000010202

Top of Stack: (sp=0x00000000025fea08)
0x00000000025fea08:   00000000028d7450 00000000025fea70
0x00000000025fea18:   00000000028d7450 00000000ec579a88
0x00000000025fea28:   00000000eabced08 00000000025fea30
0x00000000025fea38:   0000000054c8143c 00000000025feaa8
0x00000000025fea48:   0000000054c815f0 0000000000000000
0x00000000025fea58:   0000000054c814a0 00000000025fea20
0x00000000025fea68:   00000000025feab0 00000000025feb88
0x00000000025fea78:   0000000002d10e9c 0000000000000000
0x00000000025fea88:   0000000000000008 0000000000000008
0x00000000025fea98:   00000000eabce8a0 00000000eabcdb40
0x00000000025feaa8:   00000000ec5860e8 00000000146f1600
0x00000000025feab8:   0000000000000000 00000000025fead8
0x00000000025feac8:   000000000221e000 00000000eabced08
0x00000000025fead8:   0000000070376321 00000000146f1630
0x00000000025feae8:   0000000000000001 00000000ec586098
0x00000000025feaf8:   00000000eabcdb40 00000000eabce8a0 

Instructions: (pc=0xffffffffa38d5120)
0xffffffffa38d5100:   
[error occurred during error reporting (printing registers, top of stack, instructions near pc), id 0xc0000005]

Register to memory mapping:

RAX={method} {0x0000000054c7d8f0} 'access$608' '(Lcom/android/dx/merge/InstructionTransformer;)I' in 'com/android/dx/merge/InstructionTransformer'
RBX={method} {0x0000000054c7d8f0} 'access$608' '(Lcom/android/dx/merge/InstructionTransformer;)I' in 'com/android/dx/merge/InstructionTransformer'
RCX=0x0000000054c815f0 is pointing into metadata
RDX=0x00000000ec579a88 is an oop
com.android.dx.merge.InstructionTransformer 
 - klass: 'com/android/dx/merge/InstructionTransformer'
RSP=0x00000000025fea08 is pointing into the stack for thread: 0x000000000221e000
RBP=0x00000000025fea70 is pointing into the stack for thread: 0x000000000221e000
RSI=0x0000000000000128 is an unknown value
RDI=0x0000000000000107 is an unknown value
R8 =0x0000000000000008 is an unknown value
R9 =0x00000000eabce8a0 is an oop
com.android.dx.io.instructions.TwoRegisterDecodedInstruction 
 - klass: 'com/android/dx/io/instructions/TwoRegisterDecodedInstruction'
R10=0x0000000070a562c0 is an unknown value
R11=0x0000000002d13620 is at entry_point+0 in (nmethod*)0x0000000002d134d0
R12=0x0000000000000000 is an unknown value
R13=0x00000000025fea20 is pointing into the stack for thread: 0x000000000221e000
R14=0x00000000025feaa8 is pointing into the stack for thread: 0x000000000221e000
R15=0x000000000221e000 is a thread


Stack: [0x0000000002500000,0x0000000002600000],  sp=0x00000000025fea08,  free space=1018k
Native frames: (J=compiled Java code, j=interpreted, Vv=VM code, C=native code)
C  0xffffffffa38d5120


---------------  P R O C E S S  ---------------

Java Threads: ( => current thread )
  0x0000000056e99800 JavaThread "Service Thread" daemon [_thread_blocked, id=14420, stack(0x00000000572e0000,0x00000000573e0000)]
  0x000000005504f000 JavaThread "C1 CompilerThread2" daemon [_thread_blocked, id=14416, stack(0x0000000056d10000,0x0000000056e10000)]
  0x000000005504c800 JavaThread "C2 CompilerThread1" daemon [_thread_blocked, id=14412, stack(0x0000000056b80000,0x0000000056c80000)]
  0x0000000055045800 JavaThread "C2 CompilerThread0" daemon [_thread_blocked, id=14408, stack(0x0000000056990000,0x0000000056a90000)]
  0x0000000055041800 JavaThread "Attach Listener" daemon [_thread_blocked, id=14404, stack(0x0000000056780000,0x0000000056880000)]
  0x0000000055040800 JavaThread "Signal Dispatcher" daemon [_thread_blocked, id=14400, stack(0x0000000056630000,0x0000000056730000)]
  0x0000000054fe5800 JavaThread "Finalizer" daemon [_thread_blocked, id=14396, stack(0x00000000560a0000,0x00000000561a0000)]
  0x0000000054fdc800 JavaThread "Reference Handler" daemon [_thread_blocked, id=14392, stack(0x00000000563b0000,0x00000000564b0000)]
=>0x000000000221e000 JavaThread "main" [_thread_in_Java, id=14368, stack(0x0000000002500000,0x0000000002600000)]

Other Threads:
  0x0000000054fd9000 VMThread [stack: 0x00000000561b0000,0x00000000562b0000] [id=14388]
  0x0000000056e9b000 WatcherThread [stack: 0x00000000574a0000,0x00000000575a0000] [id=14424]

VM state:not at safepoint (normal execution)

VM Mutex/Monitor currently owned by a thread: None

Heap:
 PSYoungGen      total 28672K, used 5301K [0x00000000eab00000, 0x00000000ee300000, 0x0000000100000000)
  eden space 24576K, 4% used [0x00000000eab00000,0x00000000eac32cf8,0x00000000ec300000)
  from space 4096K, 99% used [0x00000000ec300000,0x00000000ec6fa9d0,0x00000000ec700000)
  to   space 4096K, 0% used [0x00000000edf00000,0x00000000edf00000,0x00000000ee300000)
 ParOldGen       total 65536K, used 2800K [0x00000000c0000000, 0x00000000c4000000, 0x00000000eab00000)
  object space 65536K, 4% used [0x00000000c0000000,0x00000000c02bc1b8,0x00000000c4000000)
 Metaspace       used 7016K, capacity 7556K, committed 7680K, reserved 1056768K
  class space    used 740K, capacity 756K, committed 768K, reserved 1048576K

Card table byte_map: [0x0000000011c90000,0x0000000011ea0000] byte_map_base: 0x0000000011690000

Marking Bits: (ParMarkBitMap*) 0x0000000070a6d4f0
 Begin Bits: [0x0000000012450000, 0x0000000013450000)
 End Bits:   [0x0000000013450000, 0x0000000014450000)

Polling page: 0x0000000000130000

CodeCache: size=245760Kb used=4398Kb max_used=4410Kb free=241361Kb
 bounds [0x00000000028d0000, 0x0000000002d30000, 0x00000000118d0000]
 total_blobs=1670 nmethods=1386 adapters=199
 compilation: enabled

Compilation events (10 events):
Event: 1.216 Thread 0x000000005504f000 nmethod 1385 0x0000000002d1a290 code [0x0000000002d1a3e0, 0x0000000002d1a510]
Event: 1.216 Thread 0x000000005504f000 1384       3       com.android.dx.io.instructions.InstructionCodec::access$200 (5 bytes)
Event: 1.216 Thread 0x000000005504f000 nmethod 1384 0x0000000002d1a590 code [0x0000000002d1a6e0, 0x0000000002d1a870]
Event: 1.216 Thread 0x000000005504f000 1389       3       com.android.dx.merge.IndexMap::adjustMethod (10 bytes)
Event: 1.216 Thread 0x000000005504f000 nmethod 1389 0x0000000002d1a910 code [0x0000000002d1aa60, 0x0000000002d1abf0]
Event: 1.216 Thread 0x000000005504f000 1382       3       com.android.dex.Dex$Section::readUleb128p1 (7 bytes)
Event: 1.217 Thread 0x000000005504f000 nmethod 1382 0x0000000002d1acd0 code [0x0000000002d1ae40, 0x0000000002d1afc8]
Event: 1.217 Thread 0x000000005504f000 1390       1       com.android.dx.merge.InstructionTransformer::access$608 (12 bytes)
Event: 1.217 Thread 0x000000005504f000 nmethod 1390 0x0000000002d1b050 code [0x0000000002d1b1a0, 0x0000000002d1b290]
Event: 1.217 Thread 0x000000005504f000 1383       3       com.android.dex.Dex$Section::writeUleb128p1 (8 bytes)

GC Heap History (2 events):
Event: 1.140 GC heap before
{Heap before GC invocations=1 (full 0):
 PSYoungGen      total 28672K, used 24576K [0x00000000eab00000, 0x00000000ecb00000, 0x0000000100000000)
  eden space 24576K, 100% used [0x00000000eab00000,0x00000000ec300000,0x00000000ec300000)
  from space 4096K, 0% used [0x00000000ec700000,0x00000000ec700000,0x00000000ecb00000)
  to   space 4096K, 0% used [0x00000000ec300000,0x00000000ec300000,0x00000000ec700000)
 ParOldGen       total 65536K, used 0K [0x00000000c0000000, 0x00000000c4000000, 0x00000000eab00000)
  object space 65536K, 0% used [0x00000000c0000000,0x00000000c0000000,0x00000000c4000000)
 Metaspace       used 6984K, capacity 7556K, committed 7680K, reserved 1056768K
  class space    used 740K, capacity 756K, committed 768K, reserved 1048576K
Event: 1.193 GC heap after
Heap after GC invocations=1 (full 0):
 PSYoungGen      total 28672K, used 4074K [0x00000000eab00000, 0x00000000ee300000, 0x0000000100000000)
  eden space 24576K, 0% used [0x00000000eab00000,0x00000000eab00000,0x00000000ec300000)
  from space 4096K, 99% used [0x00000000ec300000,0x00000000ec6fa9d0,0x00000000ec700000)
  to   space 4096K, 0% used [0x00000000edf00000,0x00000000edf00000,0x00000000ee300000)
 ParOldGen       total 65536K, used 2800K [0x00000000c0000000, 0x00000000c4000000, 0x00000000eab00000)
  object space 65536K, 4% used [0x00000000c0000000,0x00000000c02bc1b8,0x00000000c4000000)
 Metaspace       used 6984K, capacity 7556K, committed 7680K, reserved 1056768K
  class space    used 740K, capacity 756K, committed 768K, reserved 1048576K
}

Deoptimization events (10 events):
Event: 0.777 Thread 0x000000000221e000 Uncommon trap: reason=bimorphic action=maybe_recompile pc=0x0000000002b2ed1c method=java.util.HashMap.getNode(ILjava/lang/Object;)Ljava/util/HashMap$Node; @ 126
Event: 0.781 Thread 0x000000000221e000 Uncommon trap: reason=bimorphic action=maybe_recompile pc=0x0000000002abefc8 method=java.util.HashMap.getNode(ILjava/lang/Object;)Ljava/util/HashMap$Node; @ 126
Event: 0.882 Thread 0x000000000221e000 Uncommon trap: reason=speculate_class_check action=maybe_recompile pc=0x0000000002c0913c method=java.util.HashMap.putVal(ILjava/lang/Object;Ljava/lang/Object;ZZ)Ljava/lang/Object; @ 56
Event: 0.882 Thread 0x000000000221e000 Uncommon trap: reason=speculate_class_check action=maybe_recompile pc=0x0000000002c0918c method=java.util.HashMap.putVal(ILjava/lang/Object;Ljava/lang/Object;ZZ)Ljava/lang/Object; @ 152
Event: 0.882 Thread 0x000000000221e000 Uncommon trap: reason=speculate_class_check action=maybe_recompile pc=0x0000000002c0913c method=java.util.HashMap.putVal(ILjava/lang/Object;Ljava/lang/Object;ZZ)Ljava/lang/Object; @ 56
Event: 0.882 Thread 0x000000000221e000 Uncommon trap: reason=speculate_class_check action=maybe_recompile pc=0x0000000002c0913c method=java.util.HashMap.putVal(ILjava/lang/Object;Ljava/lang/Object;ZZ)Ljava/lang/Object; @ 56
Event: 1.014 Thread 0x000000000221e000 Uncommon trap: reason=predicate action=maybe_recompile pc=0x0000000002c90114 method=com.android.dex.Leb128.writeUnsignedLeb128(Lcom/android/dex/util/ByteOutput;I)V @ 9
Event: 1.098 Thread 0x000000000221e000 Uncommon trap: reason=unreached action=reinterpret pc=0x0000000002cc4ff8 method=sun.misc.URLClassPath$JarLoader.getResource(Ljava/lang/String;Z)Lsun/misc/Resource; @ 47
Event: 1.202 Thread 0x000000000221e000 Uncommon trap: reason=predicate action=maybe_recompile pc=0x0000000002cd4608 method=com.android.dex.Leb128.readUnsignedLeb128(Lcom/android/dex/util/ByteInput;)I @ 41
Event: 1.208 Thread 0x000000000221e000 Uncommon trap: reason=unreached action=reinterpret pc=0x0000000002c5767c method=java.util.HashMap.putVal(ILjava/lang/Object;Ljava/lang/Object;ZZ)Ljava/lang/Object; @ 109

Internal exceptions (10 events):
Event: 1.041 Thread 0x000000000221e000 Exception <a 'java/security/PrivilegedActionException'> (0x00000000ec0d0720) thrown at [C:\workspace\8-2-build-windows-amd64-cygwin\jdk8u31\2394\hotspot\src\share\vm\prims\jvm.cpp, line 1312]
Event: 1.041 Thread 0x000000000221e000 Exception <a 'java/security/PrivilegedActionException'> (0x00000000ec0d37d0) thrown at [C:\workspace\8-2-build-windows-amd64-cygwin\jdk8u31\2394\hotspot\src\share\vm\prims\jvm.cpp, line 1312]
Event: 1.042 Thread 0x000000000221e000 Exception <a 'java/security/PrivilegedActionException'> (0x00000000ec0d6a40) thrown at [C:\workspace\8-2-build-windows-amd64-cygwin\jdk8u31\2394\hotspot\src\share\vm\prims\jvm.cpp, line 1312]
Event: 1.042 Thread 0x000000000221e000 Exception <a 'java/security/PrivilegedActionException'> (0x00000000ec0da0e8) thrown at [C:\workspace\8-2-build-windows-amd64-cygwin\jdk8u31\2394\hotspot\src\share\vm\prims\jvm.cpp, line 1312]
Event: 1.047 Thread 0x000000000221e000 Exception <a 'java/security/PrivilegedActionException'> (0x00000000ec0e1500) thrown at [C:\workspace\8-2-build-windows-amd64-cygwin\jdk8u31\2394\hotspot\src\share\vm\prims\jvm.cpp, line 1312]
Event: 1.049 Thread 0x000000000221e000 Exception <a 'java/security/PrivilegedActionException'> (0x00000000ec0e3910) thrown at [C:\workspace\8-2-build-windows-amd64-cygwin\jdk8u31\2394\hotspot\src\share\vm\prims\jvm.cpp, line 1312]
Event: 1.093 Thread 0x000000000221e000 Exception <a 'java/security/PrivilegedActionException'> (0x00000000ec16e318) thrown at [C:\workspace\8-2-build-windows-amd64-cygwin\jdk8u31\2394\hotspot\src\share\vm\prims\jvm.cpp, line 1312]
Event: 1.093 Thread 0x000000000221e000 Exception <a 'java/security/PrivilegedActionException'> (0x00000000ec16e660) thrown at [C:\workspace\8-2-build-windows-amd64-cygwin\jdk8u31\2394\hotspot\src\share\vm\prims\jvm.cpp, line 1312]
Event: 1.094 Thread 0x000000000221e000 Exception <a 'java/security/PrivilegedActionException'> (0x00000000ec172718) thrown at [C:\workspace\8-2-build-windows-amd64-cygwin\jdk8u31\2394\hotspot\src\share\vm\prims\jvm.cpp, line 1312]
Event: 1.094 Thread 0x000000000221e000 Exception <a 'java/security/PrivilegedActionException'> (0x00000000ec172a60) thrown at [C:\workspace\8-2-build-windows-amd64-cygwin\jdk8u31\2394\hotspot\src\share\vm\prims\jvm.cpp, line 1312]

Events (10 events):
Event: 1.110 loading class sun/misc/FormattedFloatingDecimal$2
Event: 1.110 loading class sun/misc/FormattedFloatingDecimal$2 done
Event: 1.140 Executing VM operation: ParallelGCFailedAllocation
Event: 1.193 Executing VM operation: ParallelGCFailedAllocation done
Event: 1.202 Thread 0x000000000221e000 Uncommon trap: trap_request=0xffffff86 fr.pc=0x0000000002cd4608
Event: 1.202 Thread 0x000000000221e000 DEOPT PACKING pc=0x0000000002cd4608 sp=0x00000000025fe940
Event: 1.202 Thread 0x000000000221e000 DEOPT UNPACKING pc=0x000000000291556a sp=0x00000000025fe8e8 mode 2
Event: 1.208 Thread 0x000000000221e000 Uncommon trap: trap_request=0xffffffad fr.pc=0x0000000002c5767c
Event: 1.208 Thread 0x000000000221e000 DEOPT PACKING pc=0x0000000002c5767c sp=0x00000000025fecf0
Event: 1.208 Thread 0x000000000221e000 DEOPT UNPACKING pc=0x000000000291556a sp=0x00000000025fec20 mode 2


Dynamic libraries:
0x000000013fa50000 - 0x000000013fa84000 	C:\Program Files\Java\jdk1.8.0_31\bin\java.exe
0x0000000077130000 - 0x00000000772d9000 	C:\Windows\SYSTEM32\ntdll.dll
0x0000000076f10000 - 0x000000007702f000 	C:\Windows\system32\kernel32.dll
0x000007fefd070000 - 0x000007fefd0dc000 	C:\Windows\system32\KERNELBASE.dll
0x000007fefd4c0000 - 0x000007fefd59b000 	C:\Windows\system32\ADVAPI32.dll
0x000007fefdfe0000 - 0x000007fefe07f000 	C:\Windows\system32\msvcrt.dll
0x000007fefd790000 - 0x000007fefd7af000 	C:\Windows\SYSTEM32\sechost.dll
0x000007fefd660000 - 0x000007fefd78d000 	C:\Windows\system32\RPCRT4.dll
0x0000000077030000 - 0x000000007712a000 	C:\Windows\system32\USER32.dll
0x000007fefe0e0000 - 0x000007fefe147000 	C:\Windows\system32\GDI32.dll
0x000007fefe080000 - 0x000007fefe08e000 	C:\Windows\system32\LPK.dll
0x000007fefd310000 - 0x000007fefd3d9000 	C:\Windows\system32\USP10.dll
0x000007fefb3e0000 - 0x000007fefb5d4000 	C:\Windows\WinSxS\amd64_microsoft.windows.common-controls_6595b64144ccf1df_6.0.7601.17514_none_fa396087175ac9ac\COMCTL32.dll
0x000007fefd7b0000 - 0x000007fefd821000 	C:\Windows\system32\SHLWAPI.dll
0x000007fefda90000 - 0x000007fefdabe000 	C:\Windows\system32\IMM32.DLL
0x000007fefe370000 - 0x000007fefe479000 	C:\Windows\system32\MSCTF.dll
0x0000000079030000 - 0x0000000079102000 	C:\Program Files\Java\jdk1.8.0_31\jre\bin\msvcr100.dll
0x0000000070290000 - 0x0000000070aea000 	C:\Program Files\Java\jdk1.8.0_31\jre\bin\server\jvm.dll
0x000007fefba80000 - 0x000007fefba89000 	C:\Windows\system32\WSOCK32.dll
0x000007fefe090000 - 0x000007fefe0dd000 	C:\Windows\system32\WS2_32.dll
0x000007fefe360000 - 0x000007fefe368000 	C:\Windows\system32\NSI.dll
0x000007fef8d00000 - 0x000007fef8d3b000 	C:\Windows\system32\WINMM.dll
0x00000000772f0000 - 0x00000000772f7000 	C:\Windows\system32\PSAPI.DLL
0x0000000067a80000 - 0x0000000067a8f000 	C:\Program Files\Java\jdk1.8.0_31\jre\bin\verify.dll
0x0000000077510000 - 0x0000000077538000 	C:\Program Files\Java\jdk1.8.0_31\jre\bin\java.dll
0x000000005a950000 - 0x000000005a966000 	C:\Program Files\Java\jdk1.8.0_31\jre\bin\zip.dll
0x000007fefe480000 - 0x000007feff208000 	C:\Windows\system32\SHELL32.dll
0x000007fefe150000 - 0x000007fefe353000 	C:\Windows\system32\ole32.dll
0x000007fefcf00000 - 0x000007fefcf0f000 	C:\Windows\system32\profapi.dll
0x000007fefbc90000 - 0x000007fefbdb5000 	C:\Windows\system32\dbghelp.dll

VM Arguments:
jvm_args: -Xmx1024M -Dfile.encoding=windows-1252 -Duser.country=ES -Duser.language=es -Duser.variant 
java_command: com.android.dx.command.Main --dex --output D:\2code2\AndroidStudioProjects\MyContacts\app\build\intermediates\dex\debug D:\2code2\AndroidStudioProjects\MyContacts\app\build\intermediates\classes\debug D:\2code2\AndroidStudioProjects\MyContacts\app\build\intermediates\pre-dexed\debug\support-annotations-21.0.3-ffaa133fa17b1f9d40a15f14ad0bbdbda99a80c3.jar D:\2code2\AndroidStudioProjects\MyContacts\app\build\intermediates\pre-dexed\debug\internal_impl-21.0.3-19b72370cb0e925447d1c02060ee5fa5e12abdbb.jar D:\2code2\AndroidStudioProjects\MyContacts\app\build\intermediates\pre-dexed\debug\classes-ba747cc321b63eed2eac19fbef8280d58490e55e.jar D:\2code2\AndroidStudioProjects\MyContacts\app\build\intermediates\pre-dexed\debug\classes-549c539d936b47297eaecb42dad0451330961692.jar
java_class_path (initial): C:\Users\Dr4ckO\AppData\Local\Android\sdk\build-tools\21.1.2\lib\dx.jar
Launcher Type: SUN_STANDARD

Environment Variables:
JAVA_HOME=C:\Program Files\Java\jdk1.8.0_31
PATH=C:\ProgramData\Oracle\Java\javapath;C:\Program Files (x86)\NVIDIA Corporation\PhysX\Common;C:\Program Files\Common Files\Microsoft Shared\Windows Live;C:\Program Files (x86)\Common Files\Microsoft Shared\Windows Live;C:\Program Files (x86)\Common Files\Intel\Shared Files\cpp\bin\Intel64;C:\Windows\system32;C:\Windows;C:\Windows\System32\Wbem;C:\Windows\System32\WindowsPowerShell\v1.0\;C:\Program Files (x86)\IsoBuster;C:\Program Files (x86)\Windows Live\Shared;C:\Program Files (x86)\MKV ToolNix;C:\Android\android-sdk\platform-tools;C:\Program Files\NodeJS\;C:\Program Files (x86)\QuickTime\QTSystem\;C:\Users\Dr4ckO\AppData\Roaming\npm
USERNAME=Dr4ckO
OS=Windows_NT
PROCESSOR_IDENTIFIER=Intel64 Family 6 Model 15 Stepping 11, GenuineIntel



---------------  S Y S T E M  ---------------

OS: Windows 7 , 64 bit Build 7601 Service Pack 1

CPU:total 4 (4 cores per cpu, 1 threads per core) family 6 model 15 stepping 11, cmov, cx8, fxsr, mmx, sse, sse2, sse3, ssse3, tsc

Memory: 4k page, physical 6291000k(585684k free), swap 12580136k(4400020k free)

vm_info: Java HotSpot(TM) 64-Bit Server VM (25.31-b07) for windows-amd64 JRE (1.8.0_31-b13), built on Dec 17 2014 21:00:28 by "java_re" with MS VC++ 10.0 (VS2010)

time: Fri Mar 13 19:42:11 2015
elapsed time: 1 seconds (0d 0h 0m 1s)

