#
# A fatal error has been detected by the Java Runtime Environment:
#
#  EXCEPTION_ACCESS_VIOLATION (0xc0000005) at pc=0xffffffffa3855120, pid=10248, tid=10288
#
# JRE version: Java(TM) SE Runtime Environment (8.0_31-b13) (build 1.8.0_31-b13)
# Java VM: Java HotSpot(TM) 64-Bit Server VM (25.31-b07 mixed mode windows-amd64 compressed oops)
# Problematic frame:
# C  0xffffffffa3855120
#
# Failed to write core dump. Minidumps are not enabled by default on client versions of Windows
#
# If you would like to submit a bug report, please visit:
#   http://bugreport.java.com/bugreport/crash.jsp
#

---------------  T H R E A D  ---------------

Current thread (0x000000000218e000):  JavaThread "main" [_thread_in_Java, id=10288, stack(0x0000000002480000,0x0000000002580000)]

siginfo: ExceptionCode=0xc0000005, ExceptionInformation=0x0000000000000008 0xffffffffa3855120

Registers:
RAX=0x0000000014cb5f18, RBX=0x0000000014cb5f18, RCX=0x00000000ee144cd0, RDX=0x00000000ee144cd0
RSP=0x000000000257f268, RBP=0x000000000257f2d0, RSI=0x000000000000c79f, RDI=0x000000000000c7a0
R8 =0x00000000ecc27b80, R9 =0x00000000ee144d08, R10=0x000000006fb962c0, R11=0x0000000002f89000
R12=0x0000000000000000, R13=0x000000000257f280, R14=0x0000000000000000, R15=0x000000000218e000
RIP=0xffffffffa3855120, EFLAGS=0x0000000000010202

Top of Stack: (sp=0x000000000257f268)
0x000000000257f268:   0000000002857a01 000000000257f2d0
0x000000000257f278:   0000000002857a01 00000000ecc27b80
0x000000000257f288:   00000000ee144cd0 000000000257f290
0x000000000257f298:   0000000014dd4288 000000000257f320
0x000000000257f2a8:   0000000014dd49c0 0000000000000000
0x000000000257f2b8:   0000000014dd43d0 000000000257f280
0x000000000257f2c8:   000000000257f318 000000000257f368
0x000000000257f2d8:   0000000002857a01 0000000000000000
0x000000000257f2e8:   0000000000000000 0000000000000000
0x000000000257f2f8:   00000000ee144cd0 0000000000000021
0x000000000257f308:   0000000000000062 000000000000c78c
0x000000000257f318:   00000000ecc27b80 00000000ec7f07c0
0x000000000257f328:   000000000257f328 0000000014cf84ba
0x000000000257f338:   000000000257f398 0000000014cf9ef8
0x000000000257f348:   0000000000000000 0000000014cf8538
0x000000000257f358:   000000000257f318 000000000257f388 

Instructions: (pc=0xffffffffa3855120)
0xffffffffa3855100:   
[error occurred during error reporting (printing registers, top of stack, instructions near pc), id 0xc0000005]

Register to memory mapping:

RAX={method} {0x0000000014cb5f20} 'writeTo' '(Lcom/android/dx/util/AnnotatedOutput;)V' in 'com/android/dx/dex/code/ZeroSizeInsn'
RBX={method} {0x0000000014cb5f20} 'writeTo' '(Lcom/android/dx/util/AnnotatedOutput;)V' in 'com/android/dx/dex/code/ZeroSizeInsn'
RCX=0x00000000ee144cd0 is an oop
com.android.dx.dex.code.CodeAddress 
 - klass: 'com/android/dx/dex/code/CodeAddress'
RDX=0x00000000ee144cd0 is an oop
com.android.dx.dex.code.CodeAddress 
 - klass: 'com/android/dx/dex/code/CodeAddress'
RSP=0x000000000257f268 is pointing into the stack for thread: 0x000000000218e000
RBP=0x000000000257f2d0 is pointing into the stack for thread: 0x000000000218e000
RSI=0x000000000000c79f is an unknown value
RDI=0x000000000000c7a0 is an unknown value
R8 =0x00000000ecc27b80 is an oop
com.android.dx.util.ByteArrayAnnotatedOutput 
 - klass: 'com/android/dx/util/ByteArrayAnnotatedOutput'
R9 =0x00000000ee144d08 is an oop
com.android.dx.dex.code.TargetInsn 
 - klass: 'com/android/dx/dex/code/TargetInsn'
R10=0x000000006fb962c0 is an unknown value
R11=0x0000000002f89000 is at entry_point+32 in (nmethod*)0x0000000002f88e90
R12=0x0000000000000000 is an unknown value
R13=0x000000000257f280 is pointing into the stack for thread: 0x000000000218e000
R14=0x0000000000000000 is an unknown value
R15=0x000000000218e000 is a thread


Stack: [0x0000000002480000,0x0000000002580000],  sp=0x000000000257f268,  free space=1020k
Native frames: (J=compiled Java code, j=interpreted, Vv=VM code, C=native code)
C  0xffffffffa3855120


---------------  P R O C E S S  ---------------

Java Threads: ( => current thread )
  0x0000000016af2000 JavaThread "Service Thread" daemon [_thread_blocked, id=10780, stack(0x00000000170e0000,0x00000000171e0000)]
  0x000000001517a800 JavaThread "C1 CompilerThread2" daemon [_thread_blocked, id=8376, stack(0x00000000169f0000,0x0000000016af0000)]
  0x0000000015179000 JavaThread "C2 CompilerThread1" daemon [_thread_blocked, id=6312, stack(0x00000000168c0000,0x00000000169c0000)]
  0x0000000015175000 JavaThread "C2 CompilerThread0" daemon [_thread_blocked, id=10532, stack(0x0000000016670000,0x0000000016770000)]
  0x0000000015171800 JavaThread "Attach Listener" daemon [_thread_blocked, id=10800, stack(0x0000000016780000,0x0000000016880000)]
  0x0000000015170800 JavaThread "Signal Dispatcher" daemon [_thread_blocked, id=10528, stack(0x0000000016220000,0x0000000016320000)]
  0x000000001510e800 JavaThread "Finalizer" daemon [_thread_blocked, id=10348, stack(0x0000000016500000,0x0000000016600000)]
  0x000000001510b800 JavaThread "Reference Handler" daemon [_thread_blocked, id=10384, stack(0x0000000016330000,0x0000000016430000)]
=>0x000000000218e000 JavaThread "main" [_thread_in_Java, id=10288, stack(0x0000000002480000,0x0000000002580000)]

Other Threads:
  0x0000000015108000 VMThread [stack: 0x0000000016080000,0x0000000016180000] [id=10092]
  0x0000000016b4a800 WatcherThread [stack: 0x0000000017290000,0x0000000017390000] [id=10716]

VM state:synchronizing (normal execution)

VM Mutex/Monitor currently owned by a thread:  ([mutex/lock_event])
[0x000000000218c220] Safepoint_lock - owner thread: 0x0000000015108000
[0x000000000218c2a0] Threads_lock - owner thread: 0x0000000015108000

Heap:
 PSYoungGen      total 53248K, used 38348K [0x00000000eab00000, 0x00000000ee300000, 0x0000000100000000)
  eden space 49152K, 69% used [0x00000000eab00000,0x00000000ecc772a8,0x00000000edb00000)
  from space 4096K, 99% used [0x00000000edf00000,0x00000000ee2fc038,0x00000000ee300000)
  to   space 4096K, 0% used [0x00000000edb00000,0x00000000edb00000,0x00000000edf00000)
 ParOldGen       total 65536K, used 4519K [0x00000000c0000000, 0x00000000c4000000, 0x00000000eab00000)
  object space 65536K, 6% used [0x00000000c0000000,0x00000000c0469d28,0x00000000c4000000)
 Metaspace       used 6216K, capacity 7408K, committed 7552K, reserved 1056768K
  class space    used 572K, capacity 616K, committed 640K, reserved 1048576K

Card table byte_map: [0x0000000011c10000,0x0000000011e20000] byte_map_base: 0x0000000011610000

Marking Bits: (ParMarkBitMap*) 0x000000006fbad4f0
 Begin Bits: [0x0000000012580000, 0x0000000013580000)
 End Bits:   [0x0000000013580000, 0x0000000014580000)

Polling page: 0x0000000000340000

CodeCache: size=245760Kb used=7430Kb max_used=7442Kb free=238329Kb
 bounds [0x0000000002850000, 0x0000000002fa0000, 0x0000000011850000]
 total_blobs=2193 nmethods=1933 adapters=175
 compilation: enabled

Compilation events (10 events):
Event: 6.022 Thread 0x000000001517a800 nmethod 1959 0x0000000002f89a90 code [0x0000000002f89c00, 0x0000000002f89e70]
Event: 6.022 Thread 0x000000001517a800 1960       3       com.android.dx.dex.file.ClassDataItem::isEmpty (46 bytes)
Event: 6.023 Thread 0x000000001517a800 nmethod 1960 0x0000000002f891d0 code [0x0000000002f89360, 0x0000000002f898f0]
Event: 6.023 Thread 0x000000001517a800 1961       3       com.android.dx.dex.code.ZeroSizeInsn::writeTo (1 bytes)
Event: 6.023 Thread 0x000000001517a800 nmethod 1961 0x0000000002f88e90 code [0x0000000002f88fe0, 0x0000000002f89130]
Event: 6.024 Thread 0x000000001517a800 1962       3       com.android.dx.dex.code.FixedSizeInsn::writeTo (13 bytes)
Event: 6.024 Thread 0x000000001517a800 nmethod 1962 0x0000000002f91bd0 code [0x0000000002f91d40, 0x0000000002f92088]
Event: 6.024 Thread 0x000000001517a800 1964       1       com.android.dx.dex.code.ZeroSizeInsn::writeTo (1 bytes)
Event: 6.024 Thread 0x000000001517a800 nmethod 1964 0x0000000002f92190 code [0x0000000002f922e0, 0x0000000002f923f0]
Event: 6.024 Thread 0x000000001517a800 1963       3       com.android.dx.dex.code.InsnFormat::opcodeUnit (54 bytes)

GC Heap History (4 events):
Event: 2.757 GC heap before
{Heap before GC invocations=1 (full 0):
 PSYoungGen      total 28672K, used 24576K [0x00000000eab00000, 0x00000000ecb00000, 0x0000000100000000)
  eden space 24576K, 100% used [0x00000000eab00000,0x00000000ec300000,0x00000000ec300000)
  from space 4096K, 0% used [0x00000000ec700000,0x00000000ec700000,0x00000000ecb00000)
  to   space 4096K, 0% used [0x00000000ec300000,0x00000000ec300000,0x00000000ec700000)
 ParOldGen       total 65536K, used 0K [0x00000000c0000000, 0x00000000c4000000, 0x00000000eab00000)
  object space 65536K, 0% used [0x00000000c0000000,0x00000000c0000000,0x00000000c4000000)
 Metaspace       used 5577K, capacity 6896K, committed 7040K, reserved 1056768K
  class space    used 549K, capacity 616K, committed 640K, reserved 1048576K
Event: 3.110 GC heap after
Heap after GC invocations=1 (full 0):
 PSYoungGen      total 28672K, used 4065K [0x00000000eab00000, 0x00000000ee300000, 0x0000000100000000)
  eden space 24576K, 0% used [0x00000000eab00000,0x00000000eab00000,0x00000000ec300000)
  from space 4096K, 99% used [0x00000000ec300000,0x00000000ec6f85e0,0x00000000ec700000)
  to   space 4096K, 0% used [0x00000000edf00000,0x00000000edf00000,0x00000000ee300000)
 ParOldGen       total 65536K, used 1258K [0x00000000c0000000, 0x00000000c4000000, 0x00000000eab00000)
  object space 65536K, 1% used [0x00000000c0000000,0x00000000c013a988,0x00000000c4000000)
 Metaspace       used 5577K, capacity 6896K, committed 7040K, reserved 1056768K
  class space    used 549K, capacity 616K, committed 640K, reserved 1048576K
}
Event: 3.762 GC heap before
{Heap before GC invocations=2 (full 0):
 PSYoungGen      total 28672K, used 28641K [0x00000000eab00000, 0x00000000ee300000, 0x0000000100000000)
  eden space 24576K, 100% used [0x00000000eab00000,0x00000000ec300000,0x00000000ec300000)
  from space 4096K, 99% used [0x00000000ec300000,0x00000000ec6f85e0,0x00000000ec700000)
  to   space 4096K, 0% used [0x00000000edf00000,0x00000000edf00000,0x00000000ee300000)
 ParOldGen       total 65536K, used 1258K [0x00000000c0000000, 0x00000000c4000000, 0x00000000eab00000)
  object space 65536K, 1% used [0x00000000c0000000,0x00000000c013a988,0x00000000c4000000)
 Metaspace       used 5785K, capacity 7024K, committed 7296K, reserved 1056768K
  class space    used 549K, capacity 616K, committed 640K, reserved 1048576K
Event: 4.919 GC heap after
Heap after GC invocations=2 (full 0):
 PSYoungGen      total 53248K, used 4080K [0x00000000eab00000, 0x00000000ee300000, 0x0000000100000000)
  eden space 49152K, 0% used [0x00000000eab00000,0x00000000eab00000,0x00000000edb00000)
  from space 4096K, 99% used [0x00000000edf00000,0x00000000ee2fc038,0x00000000ee300000)
  to   space 4096K, 0% used [0x00000000edb00000,0x00000000edb00000,0x00000000edf00000)
 ParOldGen       total 65536K, used 4519K [0x00000000c0000000, 0x00000000c4000000, 0x00000000eab00000)
  object space 65536K, 6% used [0x00000000c0000000,0x00000000c0469d28,0x00000000c4000000)
 Metaspace       used 5785K, capacity 7024K, committed 7296K, reserved 1056768K
  class space    used 549K, capacity 616K, committed 640K, reserved 1048576K
}

Deoptimization events (10 events):
Event: 5.542 Thread 0x000000000218e000 Uncommon trap: reason=bimorphic action=maybe_recompile pc=0x0000000002af7f28 method=java.util.HashMap.getNode(ILjava/lang/Object;)Ljava/util/HashMap$Node; @ 126
Event: 5.542 Thread 0x000000000218e000 Uncommon trap: reason=class_check action=maybe_recompile pc=0x0000000002d6b654 method=java.util.HashMap.putVal(ILjava/lang/Object;Ljava/lang/Object;ZZ)Ljava/lang/Object; @ 203
Event: 5.542 Thread 0x000000000218e000 Uncommon trap: reason=bimorphic action=maybe_recompile pc=0x0000000002a88e00 method=java.util.HashMap.getNode(ILjava/lang/Object;)Ljava/util/HashMap$Node; @ 126
Event: 5.542 Thread 0x000000000218e000 Uncommon trap: reason=class_check action=maybe_recompile pc=0x0000000002d6b654 method=java.util.HashMap.putVal(ILjava/lang/Object;Ljava/lang/Object;ZZ)Ljava/lang/Object; @ 203
Event: 5.544 Thread 0x000000000218e000 Uncommon trap: reason=class_check action=maybe_recompile pc=0x0000000002d6b654 method=java.util.HashMap.putVal(ILjava/lang/Object;Ljava/lang/Object;ZZ)Ljava/lang/Object; @ 203
Event: 5.544 Thread 0x000000000218e000 Uncommon trap: reason=class_check action=maybe_recompile pc=0x0000000002d6b654 method=java.util.HashMap.putVal(ILjava/lang/Object;Ljava/lang/Object;ZZ)Ljava/lang/Object; @ 203
Event: 5.631 Thread 0x000000000218e000 Uncommon trap: reason=speculate_class_check action=maybe_recompile pc=0x0000000002bf9a94 method=com.android.dx.util.FixedSizeList.equals(Ljava/lang/Object;)Z @ 25
Event: 5.631 Thread 0x000000000218e000 Uncommon trap: reason=speculate_class_check action=maybe_recompile pc=0x0000000002bf9a94 method=com.android.dx.util.FixedSizeList.equals(Ljava/lang/Object;)Z @ 25
Event: 5.631 Thread 0x000000000218e000 Uncommon trap: reason=speculate_class_check action=maybe_recompile pc=0x0000000002bf9a94 method=com.android.dx.util.FixedSizeList.equals(Ljava/lang/Object;)Z @ 25
Event: 5.631 Thread 0x000000000218e000 Uncommon trap: reason=speculate_class_check action=maybe_recompile pc=0x0000000002bf9a94 method=com.android.dx.util.FixedSizeList.equals(Ljava/lang/Object;)Z @ 25

Internal exceptions (10 events):
Event: 5.632 Thread 0x000000000218e000 Exception <a 'java/security/PrivilegedActionException'> (0x00000000ec7d55d0) thrown at [C:\workspace\8-2-build-windows-amd64-cygwin\jdk8u31\2394\hotspot\src\share\vm\prims\jvm.cpp, line 1312]
Event: 5.632 Thread 0x000000000218e000 Exception <a 'java/security/PrivilegedActionException'> (0x00000000ec7d8850) thrown at [C:\workspace\8-2-build-windows-amd64-cygwin\jdk8u31\2394\hotspot\src\share\vm\prims\jvm.cpp, line 1312]
Event: 5.650 Thread 0x000000000218e000 Exception <a 'java/security/PrivilegedActionException'> (0x00000000ec7f8408) thrown at [C:\workspace\8-2-build-windows-amd64-cygwin\jdk8u31\2394\hotspot\src\share\vm\prims\jvm.cpp, line 1312]
Event: 5.843 Thread 0x000000000218e000 Exception <a 'java/security/PrivilegedActionException'> (0x00000000ec9e95e8) thrown at [C:\workspace\8-2-build-windows-amd64-cygwin\jdk8u31\2394\hotspot\src\share\vm\prims\jvm.cpp, line 1312]
Event: 5.849 Thread 0x000000000218e000 Exception <a 'java/security/PrivilegedActionException'> (0x00000000ec9f53f8) thrown at [C:\workspace\8-2-build-windows-amd64-cygwin\jdk8u31\2394\hotspot\src\share\vm\prims\jvm.cpp, line 1312]
Event: 5.849 Thread 0x000000000218e000 Exception <a 'java/security/PrivilegedActionException'> (0x00000000ec9f8150) thrown at [C:\workspace\8-2-build-windows-amd64-cygwin\jdk8u31\2394\hotspot\src\share\vm\prims\jvm.cpp, line 1312]
Event: 5.978 Thread 0x000000000218e000 Exception <a 'java/security/PrivilegedActionException'> (0x00000000ecb79468) thrown at [C:\workspace\8-2-build-windows-amd64-cygwin\jdk8u31\2394\hotspot\src\share\vm\prims\jvm.cpp, line 1312]
Event: 5.994 Thread 0x000000000218e000 Exception <a 'java/security/PrivilegedActionException'> (0x00000000ecbf0330) thrown at [C:\workspace\8-2-build-windows-amd64-cygwin\jdk8u31\2394\hotspot\src\share\vm\prims\jvm.cpp, line 1312]
Event: 5.995 Thread 0x000000000218e000 Exception <a 'java/security/PrivilegedActionException'> (0x00000000ecbf59c0) thrown at [C:\workspace\8-2-build-windows-amd64-cygwin\jdk8u31\2394\hotspot\src\share\vm\prims\jvm.cpp, line 1312]
Event: 6.000 Thread 0x000000000218e000 Exception <a 'java/security/PrivilegedActionException'> (0x00000000ecc28038) thrown at [C:\workspace\8-2-build-windows-amd64-cygwin\jdk8u31\2394\hotspot\src\share\vm\prims\jvm.cpp, line 1312]

Events (10 events):
Event: 5.849 loading class com/android/dx/dex/file/DebugInfoEncoder$2
Event: 5.849 loading class com/android/dx/dex/file/DebugInfoEncoder$2 done
Event: 5.977 loading class com/android/dex/EncodedValueCodec
Event: 5.977 loading class com/android/dex/EncodedValueCodec done
Event: 5.994 loading class com/android/dx/dex/file/MapItem
Event: 5.994 loading class com/android/dx/dex/file/MapItem done
Event: 5.995 loading class com/android/dx/dex/file/UniformListItem
Event: 5.995 loading class com/android/dx/dex/file/UniformListItem done
Event: 6.000 loading class com/android/dex/DexFormat
Event: 6.000 loading class com/android/dex/DexFormat done


Dynamic libraries:
0x000000013f200000 - 0x000000013f234000 	C:\Program Files\Java\jdk1.8.0_31\bin\java.exe
0x0000000077210000 - 0x00000000773b9000 	C:\Windows\SYSTEM32\ntdll.dll
0x00000000770f0000 - 0x000000007720f000 	C:\Windows\system32\kernel32.dll
0x000007fefd300000 - 0x000007fefd36c000 	C:\Windows\system32\KERNELBASE.dll
0x000007fefe440000 - 0x000007fefe51b000 	C:\Windows\system32\ADVAPI32.dll
0x000007fefdf00000 - 0x000007fefdf9f000 	C:\Windows\system32\msvcrt.dll
0x000007fefd9d0000 - 0x000007fefd9ef000 	C:\Windows\SYSTEM32\sechost.dll
0x000007fefddd0000 - 0x000007fefdefd000 	C:\Windows\system32\RPCRT4.dll
0x0000000076ff0000 - 0x00000000770ea000 	C:\Windows\system32\USER32.dll
0x000007fefd960000 - 0x000007fefd9c7000 	C:\Windows\system32\GDI32.dll
0x000007fefd410000 - 0x000007fefd41e000 	C:\Windows\system32\LPK.dll
0x000007fefe580000 - 0x000007fefe649000 	C:\Windows\system32\USP10.dll
0x000007fefb470000 - 0x000007fefb664000 	C:\Windows\WinSxS\amd64_microsoft.windows.common-controls_6595b64144ccf1df_6.0.7601.17514_none_fa396087175ac9ac\COMCTL32.dll
0x000007fefd390000 - 0x000007fefd401000 	C:\Windows\system32\SHLWAPI.dll
0x000007feff3e0000 - 0x000007feff40e000 	C:\Windows\system32\IMM32.DLL
0x000007feff410000 - 0x000007feff519000 	C:\Windows\system32\MSCTF.dll
0x0000000079060000 - 0x0000000079132000 	C:\Program Files\Java\jdk1.8.0_31\jre\bin\msvcr100.dll
0x000000006f3d0000 - 0x000000006fc2a000 	C:\Program Files\Java\jdk1.8.0_31\jre\bin\server\jvm.dll
0x000007fef72f0000 - 0x000007fef72f9000 	C:\Windows\system32\WSOCK32.dll
0x000007fefe520000 - 0x000007fefe56d000 	C:\Windows\system32\WS2_32.dll
0x000007fefe570000 - 0x000007fefe578000 	C:\Windows\system32\NSI.dll
0x000007fef8520000 - 0x000007fef855b000 	C:\Windows\system32\WINMM.dll
0x00000000773e0000 - 0x00000000773e7000 	C:\Windows\system32\PSAPI.DLL
0x000000005fed0000 - 0x000000005fedf000 	C:\Program Files\Java\jdk1.8.0_31\jre\bin\verify.dll
0x0000000052ef0000 - 0x0000000052f18000 	C:\Program Files\Java\jdk1.8.0_31\jre\bin\java.dll
0x000000005ec40000 - 0x000000005ec56000 	C:\Program Files\Java\jdk1.8.0_31\jre\bin\zip.dll
0x000007fefe650000 - 0x000007feff3d8000 	C:\Windows\system32\SHELL32.dll
0x000007fefd420000 - 0x000007fefd623000 	C:\Windows\system32\ole32.dll
0x000007fefcfd0000 - 0x000007fefcfdf000 	C:\Windows\system32\profapi.dll
0x000007fefbd70000 - 0x000007fefbe95000 	C:\Windows\system32\dbghelp.dll

VM Arguments:
jvm_args: -Xmx1024M -Dfile.encoding=windows-1252 -Duser.country=ES -Duser.language=es -Duser.variant 
java_command: com.android.dx.command.Main --dex --output D:\2code2\AndroidStudioProjects\MyContacts\app\build\intermediates\pre-dexed\debug\internal_impl-21.0.3-19b72370cb0e925447d1c02060ee5fa5e12abdbb.jar D:\2code2\AndroidStudioProjects\MyContacts\app\build\intermediates\exploded-aar\com.android.support\support-v4\21.0.3\libs\internal_impl-21.0.3.jar
java_class_path (initial): C:\Users\Dr4ckO\AppData\Local\Android\sdk\build-tools\21.1.2\lib\dx.jar
Launcher Type: SUN_STANDARD

Environment Variables:
JAVA_HOME=C:\Program Files\Java\jdk1.8.0_31
PATH=C:\ProgramData\Oracle\Java\javapath;C:\Program Files (x86)\NVIDIA Corporation\PhysX\Common;C:\Program Files\Common Files\Microsoft Shared\Windows Live;C:\Program Files (x86)\Common Files\Microsoft Shared\Windows Live;C:\Program Files (x86)\Common Files\Intel\Shared Files\cpp\bin\Intel64;C:\Windows\system32;C:\Windows;C:\Windows\System32\Wbem;C:\Windows\System32\WindowsPowerShell\v1.0\;C:\Program Files (x86)\IsoBuster;C:\Program Files (x86)\Windows Live\Shared;C:\Program Files (x86)\MKV ToolNix;C:\Android\android-sdk\platform-tools;C:\Program Files\NodeJS\;C:\Program Files (x86)\QuickTime\QTSystem\;C:\Users\Dr4ckO\AppData\Roaming\npm
USERNAME=Dr4ckO
OS=Windows_NT
PROCESSOR_IDENTIFIER=Intel64 Family 6 Model 15 Stepping 11, GenuineIntel



---------------  S Y S T E M  ---------------

OS: Windows 7 , 64 bit Build 7601 Service Pack 1

CPU:total 4 (4 cores per cpu, 1 threads per core) family 6 model 15 stepping 11, cmov, cx8, fxsr, mmx, sse, sse2, sse3, ssse3, tsc

Memory: 4k page, physical 6291000k(403876k free), swap 12580136k(5001708k free)

vm_info: Java HotSpot(TM) 64-Bit Server VM (25.31-b07) for windows-amd64 JRE (1.8.0_31-b13), built on Dec 17 2014 21:00:28 by "java_re" with MS VC++ 10.0 (VS2010)

time: Wed Mar 11 18:23:54 2015
elapsed time: 9 seconds (0d 0h 0m 9s)

